#
# There is insufficient memory for the Java Runtime Environment to continue.
# Native memory allocation (mmap) failed to map 65536 bytes for Failed to commit metaspace.
# Possible reasons:
#   The system is out of physical RAM or swap space
#   The process is running with CompressedOops enabled, and the Java Heap may be blocking the growth of the native heap
# Possible solutions:
#   Reduce memory load on the system
#   Increase physical memory or swap space
#   Check if swap backing store is full
#   Decrease Java heap size (-Xmx/-Xms)
#   Decrease number of Java threads
#   Decrease Java thread stack sizes (-Xss)
#   Set larger code cache with -XX:ReservedCodeCacheSize=
#   JVM is running with Unscaled Compressed Oops mode in which the Java heap is
#     placed in the first 4GB address space. The Java Heap base address is the
#     maximum limit for the native heap growth. Please use -XX:HeapBaseMinAddress
#     to set the Java Heap base and to place the Java Heap above 4GB virtual address.
# This output file may be truncated or incomplete.
#
#  Out of Memory Error (virtualSpaceNode.cpp:112), pid=12192, tid=18408
#
# JRE version: Java(TM) SE Runtime Environment (21.0.2+13) (build 21.0.2+13-LTS-58)
# Java VM: Java HotSpot(TM) 64-Bit Server VM (21.0.2+13-LTS-58, mixed mode, emulated-client, sharing, tiered, compressed oops, compressed class ptrs, g1 gc, windows-amd64)
# No core dump will be written. Minidumps are not enabled by default on client versions of Windows
#

---------------  S U M M A R Y ------------

Command Line: -XX:TieredStopAtLevel=1 -Dspring.output.ansi.enabled=always -Dcom.sun.management.jmxremote -Dspring.jmx.enabled=true -Dspring.liveBeansView.mbeanDomain -Dspring.application.admin.enabled=true -Dmanagement.endpoints.jmx.exposure.include=* -javaagent:C:\Program Files\JetBrains\IntelliJ IDEA 2023.3.2\lib\idea_rt.jar=61207:C:\Program Files\JetBrains\IntelliJ IDEA 2023.3.2\bin -Dfile.encoding=UTF-8 -Dsun.stdout.encoding=UTF-8 -Dsun.stderr.encoding=UTF-8 com.inn.cafe.Application

Host: AMD Ryzen 5 3500U with Radeon Vega Mobile Gfx  , 8 cores, 5G,  Windows 10 , 64 bit Build 19041 (10.0.19041.3636)
Time: Sun Apr  6 15:40:05 2025 Central European Daylight Time elapsed time: 1.782374 seconds (0d 0h 0m 1s)

---------------  T H R E A D  ---------------

Current thread (0x00000188af11acb0):  JavaThread "main"             [_thread_in_vm, id=18408, stack(0x0000001b42d00000,0x0000001b42e00000) (1024K)]

Stack: [0x0000001b42d00000,0x0000001b42e00000]
Native frames: (J=compiled Java code, j=interpreted, Vv=VM code, C=native code)
V  [jvm.dll+0x6cade9]
V  [jvm.dll+0x8569c1]
V  [jvm.dll+0x858d2e]
V  [jvm.dll+0x859413]
V  [jvm.dll+0x280e56]
V  [jvm.dll+0x8526ee]
V  [jvm.dll+0x66e705]
V  [jvm.dll+0x1e68cc]
V  [jvm.dll+0x1e669e]
V  [jvm.dll+0x67104c]
V  [jvm.dll+0x670e62]
V  [jvm.dll+0x66f0de]
V  [jvm.dll+0x26c721]
V  [jvm.dll+0x218617]
V  [jvm.dll+0x20dd9e]
V  [jvm.dll+0x5ad3dc]
V  [jvm.dll+0x7cf5e6]
V  [jvm.dll+0x470270]
V  [jvm.dll+0x475ef8]
C  [java.dll+0x17ec]

Java frames: (J=compiled Java code, j=interpreted, Vv=VM code)
J 1351  java.lang.ClassLoader.defineClass1(Ljava/lang/ClassLoader;Ljava/lang/String;[BIILjava/security/ProtectionDomain;Ljava/lang/String;)Ljava/lang/Class; java.base@21.0.2 (0 bytes) @ 0x00000188b9be3c11 [0x00000188b9be3b40+0x00000000000000d1]
j  java.lang.System$2.defineClass(Ljava/lang/ClassLoader;Ljava/lang/String;[BLjava/security/ProtectionDomain;Ljava/lang/String;)Ljava/lang/Class;+10 java.base@21.0.2
j  java.lang.reflect.Proxy$ProxyBuilder.defineProxyClass(Ljava/lang/reflect/Proxy$ProxyBuilder$ProxyClassContext;Ljava/util/List;)Ljava/lang/Class;+122 java.base@21.0.2
j  java.lang.reflect.Proxy$ProxyBuilder.build()Ljava/lang/reflect/Constructor;+8 java.base@21.0.2
j  java.lang.reflect.Proxy.lambda$getProxyConstructor$0(Ljava/lang/ClassLoader;Ljdk/internal/loader/AbstractClassLoaderValue$Sub;)Ljava/lang/reflect/Constructor;+15 java.base@21.0.2
j  java.lang.reflect.Proxy$$Lambda+0x00000188c3077d88.apply(Ljava/lang/Object;Ljava/lang/Object;)Ljava/lang/Object;+8 java.base@21.0.2
j  jdk.internal.loader.AbstractClassLoaderValue$Memoizer.get()Ljava/lang/Object;+75 java.base@21.0.2
j  jdk.internal.loader.AbstractClassLoaderValue.computeIfAbsent(Ljava/lang/ClassLoader;Ljava/util/function/BiFunction;)Ljava/lang/Object;+63 java.base@21.0.2
j  java.lang.reflect.Proxy.getProxyConstructor(Ljava/lang/Class;Ljava/lang/ClassLoader;[Ljava/lang/Class;)Ljava/lang/reflect/Constructor;+40 java.base@21.0.2
j  java.lang.reflect.Proxy.newProxyInstance(Ljava/lang/ClassLoader;[Ljava/lang/Class;Ljava/lang/reflect/InvocationHandler;)Ljava/lang/Object;+22 java.base@21.0.2
j  sun.reflect.annotation.AnnotationParser$1.run()Ljava/lang/annotation/Annotation;+33 java.base@21.0.2
j  sun.reflect.annotation.AnnotationParser$1.run()Ljava/lang/Object;+1 java.base@21.0.2
J 1476 c1 java.security.AccessController.doPrivileged(Ljava/security/PrivilegedAction;)Ljava/lang/Object; java.base@21.0.2 (9 bytes) @ 0x00000188b9c18314 [0x00000188b9c182c0+0x0000000000000054]
j  sun.reflect.annotation.AnnotationParser.annotationForMap(Ljava/lang/Class;Ljava/util/Map;)Ljava/lang/annotation/Annotation;+9 java.base@21.0.2
j  sun.reflect.annotation.AnnotationParser.parseAnnotation2(Ljava/nio/ByteBuffer;Ljdk/internal/reflect/ConstantPool;Ljava/lang/Class;Z[Ljava/lang/Class;)Ljava/lang/annotation/Annotation;+271 java.base@21.0.2
j  sun.reflect.annotation.AnnotationParser.parseAnnotations2([BLjdk/internal/reflect/ConstantPool;Ljava/lang/Class;[Ljava/lang/Class;)Ljava/util/Map;+41 java.base@21.0.2
j  sun.reflect.annotation.AnnotationParser.parseAnnotations([BLjdk/internal/reflect/ConstantPool;Ljava/lang/Class;)Ljava/util/Map;+12 java.base@21.0.2
J 1041 c1 java.lang.reflect.Executable.declaredAnnotations()Ljava/util/Map; java.base@21.0.2 (85 bytes) @ 0x00000188b9b6428c [0x00000188b9b640a0+0x00000000000001ec]
J 1041 c1 java.lang.reflect.Executable.declaredAnnotations()Ljava/util/Map; java.base@21.0.2 (85 bytes) @ 0x00000188b9b64194 [0x00000188b9b640a0+0x00000000000000f4]
j  java.lang.reflect.Executable.getDeclaredAnnotations()[Ljava/lang/annotation/Annotation;+1 java.base@21.0.2
j  java.lang.reflect.Method.getDeclaredAnnotations()[Ljava/lang/annotation/Annotation;+1 java.base@21.0.2
j  org.springframework.core.annotation.AnnotationsScanner.getDeclaredAnnotations(Ljava/lang/reflect/AnnotatedElement;Z)[Ljava/lang/annotation/Annotation;+25
j  org.springframework.core.annotation.AnnotationsScanner.getDeclaredAnnotation(Ljava/lang/reflect/AnnotatedElement;Ljava/lang/Class;)Ljava/lang/annotation/Annotation;+2
j  org.springframework.core.annotation.AnnotationTypeMapping.resolveAliasedForTargets()Ljava/util/Map;+33
j  org.springframework.core.annotation.AnnotationTypeMapping.<init>(Lorg/springframework/core/annotation/AnnotationTypeMapping;Ljava/lang/Class;Ljava/lang/annotation/Annotation;Ljava/util/Set;)V+162
j  org.springframework.core.annotation.AnnotationTypeMappings.addIfPossible(Ljava/util/Deque;Lorg/springframework/core/annotation/AnnotationTypeMapping;Ljava/lang/Class;Ljava/lang/annotation/Annotation;Ljava/util/Set;)V+11
j  org.springframework.core.annotation.AnnotationTypeMappings.addAllMappings(Ljava/lang/Class;Ljava/util/Set;)V+14
j  org.springframework.core.annotation.AnnotationTypeMappings.<init>(Lorg/springframework/core/annotation/RepeatableContainers;Lorg/springframework/core/annotation/AnnotationFilter;Ljava/lang/Class;Ljava/util/Set;)V+29
j  org.springframework.core.annotation.AnnotationTypeMappings$Cache.createMappings(Ljava/lang/Class;Ljava/util/Set;)Lorg/springframework/core/annotation/AnnotationTypeMappings;+14
j  org.springframework.core.annotation.AnnotationTypeMappings$Cache.lambda$get$0(Ljava/util/Set;Ljava/lang/Class;)Lorg/springframework/core/annotation/AnnotationTypeMappings;+3
j  org.springframework.core.annotation.AnnotationTypeMappings$Cache$$Lambda+0x00000188c3109858.apply(Ljava/lang/Object;)Ljava/lang/Object;+12
j  java.util.concurrent.ConcurrentMap.computeIfAbsent(Ljava/lang/Object;Ljava/util/function/Function;)Ljava/lang/Object;+19 java.base@21.0.2
j  org.springframework.core.annotation.AnnotationTypeMappings$Cache.get(Ljava/lang/Class;Ljava/util/Set;)Lorg/springframework/core/annotation/AnnotationTypeMappings;+12
j  org.springframework.core.annotation.AnnotationTypeMappings.forAnnotationType(Ljava/lang/Class;Lorg/springframework/core/annotation/RepeatableContainers;Lorg/springframework/core/annotation/AnnotationFilter;Ljava/util/Set;)Lorg/springframework/core/annotation/AnnotationTypeMappings;+27
j  org.springframework.core.annotation.AnnotationTypeMappings.forAnnotationType(Ljava/lang/Class;Ljava/util/Set;)Lorg/springframework/core/annotation/AnnotationTypeMappings;+8
j  org.springframework.core.annotation.AnnotationTypeMappings.forAnnotationType(Ljava/lang/Class;)Lorg/springframework/core/annotation/AnnotationTypeMappings;+8
j  org.springframework.core.annotation.TypeMappedAnnotations$IsPresent.doWithAnnotations(Ljava/lang/Object;ILjava/lang/Object;[Ljava/lang/annotation/Annotation;)Ljava/lang/Boolean;+125
j  org.springframework.core.annotation.TypeMappedAnnotations$IsPresent.doWithAnnotations(Ljava/lang/Object;ILjava/lang/Object;[Ljava/lang/annotation/Annotation;)Ljava/lang/Object;+6
j  org.springframework.core.annotation.AnnotationsScanner.processElement(Ljava/lang/Object;Ljava/lang/reflect/AnnotatedElement;Lorg/springframework/core/annotation/AnnotationsProcessor;)Ljava/lang/Object;+26
j  org.springframework.core.annotation.AnnotationsScanner.processClassInheritedAnnotations(Ljava/lang/Object;Ljava/lang/Class;Lorg/springframework/core/annotation/AnnotationsProcessor;)Ljava/lang/Object;+13
j  org.springframework.core.annotation.AnnotationsScanner.processClass(Ljava/lang/Object;Ljava/lang/Class;Lorg/springframework/core/annotation/MergedAnnotations$SearchStrategy;Ljava/util/function/Predicate;Lorg/springframework/core/annotation/AnnotationsProcessor;)Ljava/lang/Object;+62
j  org.springframework.core.annotation.AnnotationsScanner.process(Ljava/lang/Object;Ljava/lang/reflect/AnnotatedElement;Lorg/springframework/core/annotation/MergedAnnotations$SearchStrategy;Ljava/util/function/Predicate;Lorg/springframework/core/annotation/AnnotationsProcessor;)Ljava/lang/Object;+20
j  org.springframework.core.annotation.AnnotationsScanner.scan(Ljava/lang/Object;Ljava/lang/reflect/AnnotatedElement;Lorg/springframework/core/annotation/MergedAnnotations$SearchStrategy;Ljava/util/function/Predicate;Lorg/springframework/core/annotation/AnnotationsProcessor;)Ljava/lang/Object;+6
j  org.springframework.core.annotation.TypeMappedAnnotations.scan(Ljava/lang/Object;Lorg/springframework/core/annotation/AnnotationsProcessor;)Ljava/lang/Object;+60
j  org.springframework.core.annotation.TypeMappedAnnotations.isPresent(Ljava/lang/String;)Z+32
j  org.springframework.core.type.AnnotatedTypeMetadata.isAnnotated(Ljava/lang/String;)Z+7
j  org.springframework.context.annotation.ConditionEvaluator.shouldSkip(Lorg/springframework/core/type/AnnotatedTypeMetadata;Lorg/springframework/context/annotation/ConfigurationCondition$ConfigurationPhase;)Z+10
j  org.springframework.context.annotation.ConditionEvaluator.shouldSkip(Lorg/springframework/core/type/AnnotatedTypeMetadata;)Z+3
j  org.springframework.context.annotation.AnnotatedBeanDefinitionReader.doRegisterBean(Ljava/lang/Class;Ljava/lang/String;[Ljava/lang/Class;Ljava/util/function/Supplier;[Lorg/springframework/beans/factory/config/BeanDefinitionCustomizer;)V+19
j  org.springframework.context.annotation.AnnotatedBeanDefinitionReader.registerBean(Ljava/lang/Class;)V+6
j  org.springframework.context.annotation.AnnotatedBeanDefinitionReader.register([Ljava/lang/Class;)V+23
j  org.springframework.boot.BeanDefinitionLoader.load(Ljava/lang/Class;)V+63
j  org.springframework.boot.BeanDefinitionLoader.load(Ljava/lang/Object;)V+20
j  org.springframework.boot.BeanDefinitionLoader.load()V+23
j  org.springframework.boot.SpringApplication.load(Lorg/springframework/context/ApplicationContext;[Ljava/lang/Object;)V+85
j  org.springframework.boot.SpringApplication.prepareContext(Lorg/springframework/boot/DefaultBootstrapContext;Lorg/springframework/context/ConfigurableApplicationContext;Lorg/springframework/core/env/ConfigurableEnvironment;Lorg/springframework/boot/SpringApplicationRunListeners;Lorg/springframework/boot/ApplicationArguments;Lorg/springframework/boot/Banner;)V+258
j  org.springframework.boot.SpringApplication.run([Ljava/lang/String;)Lorg/springframework/context/ConfigurableApplicationContext;+107
j  org.springframework.boot.SpringApplication.run([Ljava/lang/Class;[Ljava/lang/String;)Lorg/springframework/context/ConfigurableApplicationContext;+9
j  org.springframework.boot.SpringApplication.run(Ljava/lang/Class;[Ljava/lang/String;)Lorg/springframework/context/ConfigurableApplicationContext;+9
j  com.inn.cafe.Application.main([Ljava/lang/String;)V+3
v  ~StubRoutines::call_stub 0x00000188b97b100d

Compiled method (n/a)    1814 1351     n 0       java.lang.ClassLoader::defineClass1 (native)
 total in heap  [0x00000188b9be3990,0x00000188b9be3ff0] = 1632
 relocation     [0x00000188b9be3af0,0x00000188b9be3b28] = 56
 main code      [0x00000188b9be3b40,0x00000188b9be3fef] = 1199
 stub code      [0x00000188b9be3fef,0x00000188b9be3ff0] = 1

[Constant Pool (empty)]

[MachCode]
[Entry Point]
  # {method} {0x00000188c243cd80} 'defineClass1' '(Ljava/lang/ClassLoader;Ljava/lang/String;[BIILjava/security/ProtectionDomain;Ljava/lang/String;)Ljava/lang/Class;' in 'java/lang/ClassLoader'
  # parm0:    rdx:rdx   = 'java/lang/ClassLoader'
  # parm1:    r8:r8     = 'java/lang/String'
  # parm2:    r9:r9     = '[B'
  # parm3:    rdi       = int
  # parm4:    rsi       = int
  # parm5:    rcx:rcx   = 'java/security/ProtectionDomain'
  # parm6:    [sp+0xa0]   = 'java/lang/String'  (sp of caller)
  0x00000188b9be3b40: 448b 5208 | 49bb 0000 | 00c2 8801 | 0000 4d03 | d349 3bc2 | 0f84 0600 

  0x00000188b9be3b58: ;   {runtime_call ic_miss_stub}
  0x00000188b9be3b58: 0000 e921 | acc1 ff90 
[Verified Entry Point]
  0x00000188b9be3b60: 8984 2400 | 80ff ff55 | 488b ec48 | 81ec 9000 | 0000 6690 | 4181 7f20 | 0100 0000 

  0x00000188b9be3b7c: ;   {runtime_call StubRoutines (final stubs)}
  0x00000188b9be3b7c: 7405 e8dd | 11c0 ff48 | 837d 1000 | 488d 4510 | 480f 4445 | 1048 8944 | 2440 4889 | 4c24 7048 
  0x00000188b9be3b9c: 83f9 0048 | 8d44 2470 | 480f 4444 | 2470 4889 | 4424 3848 | 8974 2430 | 4889 7c24 | 284c 894c 
  0x00000188b9be3bbc: 2458 4983 | f900 488d | 4424 5848 | 0f44 4424 | 5848 8944 | 2420 4c89 | 4424 5049 | 83f8 004c 
  0x00000188b9be3bdc: 8d4c 2450 | 4c0f 444c | 2450 4889 | 5424 4848 | 83fa 004c | 8d44 2448 | 4c0f 4444 

  0x00000188b9be3bf8: ;   {oop(a 'java/lang/Class'{0x00000000a0e6be00} = 'java/lang/ClassLoader')}
  0x00000188b9be3bf8: 2448 49be | 00be e6a0 | 0000 0000 | 4c89 7424 | 784c 8d74 | 2478 498b | d6c5 f877 

  0x00000188b9be3c14: ;   {internal_word}
  0x00000188b9be3c14: 49ba 113c | beb9 8801 | 0000 4d89 | 97a0 0300 | 0049 89a7 | 9803 0000 

  0x00000188b9be3c2c: ;   {external_word}
  0x00000188b9be3c2c: 49ba f945 | 7170 fa7f | 0000 4180 | 3a00 0f84 | 4e00 0000 | 5241 5041 

  0x00000188b9be3c44: ;   {metadata({method} {0x00000188c243cd80} 'defineClass1' '(Ljava/lang/ClassLoader;Ljava/lang/String;[BIILjava/security/ProtectionDomain;Ljava/lang/String;)Ljava/lang/Class;' in 'java/lang/ClassLoader')}
  0x00000188b9be3c44: 5148 ba78 | cd43 c288 | 0100 0049 | 8bcf 4883 | ec20 40f6 | c40f 0f84 | 1900 0000 | 4883 ec08 
  0x00000188b9be3c64: ;   {runtime_call}
  0x00000188b9be3c64: 48b8 4009 | 2270 fa7f | 0000 ffd0 | 4883 c408 | e90c 0000 

  0x00000188b9be3c78: ;   {runtime_call}
  0x00000188b9be3c78: 0048 b840 | 0922 70fa | 7f00 00ff | d048 83c4 | 2041 5941 | 585a 498d | 8fb8 0300 | 0041 c787 
  0x00000188b9be3c98: 4c04 0000 | 0400 0000 

  0x00000188b9be3ca0: ;   {runtime_call}
  0x00000188b9be3ca0: 48b8 ac16 | 1fc8 fa7f | 0000 ffd0 | c5f8 7741 | c787 4c04 | 0000 0500 | 0000 f083 | 4424 c000 
  0x00000188b9be3cc0: 493b af50 | 0400 000f | 870e 0000 | 0041 83bf | 4804 0000 | 000f 842b | 0000 00c5 | f877 4889 
  0x00000188b9be3ce0: 45f8 498b | cf4c 8be4 | 4883 ec20 | 4883 e4f0 

  0x00000188b9be3cf0: ;   {runtime_call}
  0x00000188b9be3cf0: 48b8 d0c3 | ed6f fa7f | 0000 ffd0 | 498b e44d | 33e4 488b | 45f8 41c7 | 874c 0400 | 0008 0000 
  0x00000188b9be3d10: 0041 83bf | c804 0000 | 020f 84a3 

  0x00000188b9be3d1c: ;   {external_word}
  0x00000188b9be3d1c: 0200 0049 | baf9 4571 | 70fa 7f00 | 0041 803a | 000f 844c | 0000 0048 

  0x00000188b9be3d34: ;   {metadata({method} {0x00000188c243cd80} 'defineClass1' '(Ljava/lang/ClassLoader;Ljava/lang/String;[BIILjava/security/ProtectionDomain;Ljava/lang/String;)Ljava/lang/Class;' in 'java/lang/ClassLoader')}
  0x00000188b9be3d34: 8945 f848 | ba78 cd43 | c288 0100 | 0049 8bcf | 4883 ec20 | 40f6 c40f | 0f84 1900 | 0000 4883 
  0x00000188b9be3d54: ;   {runtime_call}
  0x00000188b9be3d54: ec08 48b8 | 4009 2270 | fa7f 0000 | ffd0 4883 | c408 e90c 

  0x00000188b9be3d68: ;   {runtime_call}
  0x00000188b9be3d68: 0000 0048 | b840 0922 | 70fa 7f00 | 00ff d048 | 83c4 2048 | 8b45 f849 | c787 9803 | 0000 0000 
  0x00000188b9be3d88: 0000 49c7 | 87a0 0300 | 0000 0000 | 00c5 f877 | 4885 c00f | 84fe 0100 | 00a8 030f | 8508 0000 
  0x00000188b9be3da8: 0048 8b00 | e9ee 0100 | 00a8 010f | 8509 0000 | 0048 8b40 | fee9 dd01 | 0000 488b | 40ff 4180 
  0x00000188b9be3dc8: 7f40 000f | 84ce 0100 | 0048 83f8 | 000f 84c4 | 0100 0049 | 8b4f 2848 | 83f9 000f | 8414 0000 
  0x00000188b9be3de8: 0048 83e9 | 0849 894f | 2849 034f | 3848 8901 | e9a2 0100 | 0048 81ec | d000 0000 | 4889 0424 
  0x00000188b9be3e08: 4889 4c24 | 0848 8954 | 2410 4889 | 7424 1848 | 897c 2420 | 4c89 4424 | 284c 894c | 2430 4c89 
  0x00000188b9be3e28: 5424 384c | 895c 2440 | c5fb 1144 | 2450 c5fb | 114c 2458 | c5fb 1154 | 2460 c5fb | 115c 2468 
  0x00000188b9be3e48: c5fb 1164 | 2470 c5fb | 116c 2478 | c5fb 11b4 | 2480 0000 | 00c5 fb11 | bc24 8800 | 0000 c57b 
  0x00000188b9be3e68: ;   {no_reloc}
  0x00000188b9be3e68: 1184 2490 | 0000 00c5 | 7b11 8c24 | 9800 0000 | c57b 1194 | 24a0 0000 | 00c5 7b11 | 9c24 a800 
  0x00000188b9be3e88: 0000 c57b | 11a4 24b0 | 0000 00c5 | 7b11 ac24 | b800 0000 | c57b 11b4 | 24c0 0000 | 00c5 7b11 
  0x00000188b9be3ea8: bc24 c800 | 0000 498b | d748 8bc8 | 4883 ec20 | 40f6 c40f | 0f84 1900 | 0000 4883 

  0x00000188b9be3ec4: ;   {runtime_call}
  0x00000188b9be3ec4: ec08 48b8 | 9026 e16f | fa7f 0000 | ffd0 4883 | c408 e90c 

  0x00000188b9be3ed8: ;   {runtime_call}
  0x00000188b9be3ed8: 0000 0048 | b890 26e1 | 6ffa 7f00 | 00ff d048 | 83c4 20c5 | 7b10 bc24 | c800 0000 | c57b 10b4 
  0x00000188b9be3ef8: 24c0 0000 | 00c5 7b10 | ac24 b800 | 0000 c57b | 10a4 24b0 | 0000 00c5 | 7b10 9c24 | a800 0000 
  0x00000188b9be3f18: c57b 1094 | 24a0 0000 | 00c5 7b10 | 8c24 9800 | 0000 c57b | 1084 2490 | 0000 00c5 | fb10 bc24 
  0x00000188b9be3f38: 8800 0000 | c5fb 10b4 | 2480 0000 | 00c5 fb10 | 6c24 78c5 | fb10 6424 | 70c5 fb10 | 5c24 68c5 
  0x00000188b9be3f58: fb10 5424 | 60c5 fb10 | 4c24 58c5 | fb10 4424 | 504c 8b5c | 2440 4c8b | 5424 384c | 8b4c 2430 
  0x00000188b9be3f78: 4c8b 4424 | 2848 8b7c | 2420 488b | 7424 1848 | 8b54 2410 | 488b 4c24 | 0848 8b04 | 2448 81c4 
  0x00000188b9be3f98: d000 0000 | c5f8 7749 | 8b8f 2804 | 0000 c781 | 0001 0000 | 0000 0000 | c949 837f | 0800 0f85 
  0x00000188b9be3fb8: 0100 0000 

  0x00000188b9be3fbc: ;   {runtime_call StubRoutines (initial stubs)}
  0x00000188b9be3fbc: c3e9 3ecf | bcff c5f8 | 7748 8945 | f84c 8be4 | 4883 ec20 | 4883 e4f0 

  0x00000188b9be3fd4: ;   {runtime_call}
  0x00000188b9be3fd4: 48b8 7041 | 2270 fa7f | 0000 ffd0 | 498b e44d | 33e4 488b | 45f8 e930 | fdff fff4 
[/MachCode]


Compiled method (c1)    1823 1476       1       java.security.AccessController::doPrivileged (9 bytes)
 total in heap  [0x00000188b9c18110,0x00000188b9c18448] = 824
 relocation     [0x00000188b9c18270,0x00000188b9c182b8] = 72
 main code      [0x00000188b9c182c0,0x00000188b9c18370] = 176
 stub code      [0x00000188b9c18370,0x00000188b9c183c8] = 88
 metadata       [0x00000188b9c183c8,0x00000188b9c183d8] = 16
 scopes data    [0x00000188b9c183d8,0x00000188b9c18400] = 40
 scopes pcs     [0x00000188b9c18400,0x00000188b9c18440] = 64
 dependencies   [0x00000188b9c18440,0x00000188b9c18448] = 8

[Constant Pool (empty)]

[MachCode]
[Verified Entry Point]
  # {method} {0x00000188c24784e8} 'doPrivileged' '(Ljava/security/PrivilegedAction;)Ljava/lang/Object;' in 'java/security/AccessController'
  # parm0:    rdx:rdx   = 'java/security/PrivilegedAction'
  #           [sp+0x70]  (sp of caller)
  0x00000188b9c182c0: 8984 2400 | 80ff ff55 | 4883 ec60 | 4181 7f20 | 0100 0000 

  0x00000188b9c182d4: ;   {runtime_call StubRoutines (final stubs)}
  0x00000188b9c182d4: 7405 e885 | cabc ff48 | 8954 2440 | 0f1f 8000 

  0x00000188b9c182e4: ;   {static_call}
  0x00000188b9c182e4: 0000 00e8 

  0x00000188b9c182e8: ; ImmutableOopMap {[64]=Oop }
                      ;*invokestatic getCallerClass {reexecute=0 rethrow=0 return_oop=0}
                      ; - java.security.AccessController::doPrivileged@2 (line 319)
  0x00000188b9c182e8: f4af ddff 

  0x00000188b9c182ec: ;   {other}
  0x00000188b9c182ec: 0f1f 8400 | dc01 0000 | 488b 5424 | 4048 8944 | 2448 0f1f | 8000 0000 | 0048 b810 | 1cd3 c188 
  0x00000188b9c1830c: ;   {virtual_call}
  0x00000188b9c1830c: 0100 00e8 

  0x00000188b9c18310: ; ImmutableOopMap {[72]=Oop }
                      ;*invokeinterface run {reexecute=0 rethrow=0 return_oop=0}
                      ; - java.security.AccessController::executePrivileged@29 (line 778)
                      ; - java.security.AccessController::doPrivileged@5 (line 319)
  0x00000188b9c18310: 7c76 caff 

  0x00000188b9c18314: ;   {other}
  0x00000188b9c18314: 0f1f 8400 | 0402 0001 | 4883 c460 

  0x00000188b9c18320: ;   {poll_return}
  0x00000188b9c18320: 5d49 3ba7 | 5004 0000 | 0f87 0100 

  0x00000188b9c1832c: ;   {internal_word}
  0x00000188b9c1832c: 0000 c349 | ba21 83c1 | b988 0100 | 004d 8997 | 6804 0000 

  0x00000188b9c18340: ;   {runtime_call SafepointBlob}
  0x00000188b9c18340: e9bb d3be | ff49 8b87 | 0005 0000 | 49c7 8700 | 0500 0000 | 0000 0049 | c787 0805 | 0000 0000 
  0x00000188b9c18360: 0000 4883 

  0x00000188b9c18364: ;   {runtime_call unwind_exception Runtime1 stub}
  0x00000188b9c18364: c460 5de9 | 148b c9ff | f4f4 f4f4 
[Stub Code]
  0x00000188b9c18370: ;   {no_reloc}
  0x00000188b9c18370: 0f1f 4400 

  0x00000188b9c18374: ;   {static_stub}
  0x00000188b9c18374: 0048 bb00 | 0000 0000 

  0x00000188b9c1837c: ;   {runtime_call}
  0x00000188b9c1837c: 0000 00e9 | fbff ffff 

  0x00000188b9c18384: ;   {static_stub}
  0x00000188b9c18384: 48bb 0000 | 0000 0000 

  0x00000188b9c1838c: ;   {runtime_call}
  0x00000188b9c1838c: 0000 e9fb 

  0x00000188b9c18390: ;   {runtime_call handle_exception_from_callee Runtime1 stub}
  0x00000188b9c18390: ffff ffe8 | 68c5 c9ff 

  0x00000188b9c18398: ;   {external_word}
  0x00000188b9c18398: 48b9 0048 | 4970 fa7f | 0000 4883 

  0x00000188b9c183a4: ;   {runtime_call}
  0x00000188b9c183a4: e4f0 48b8 | 4024 1170 | fa7f 0000 

  0x00000188b9c183b0: ;   {section_word}
  0x00000188b9c183b0: ffd0 f449 | bab3 83c1 | b988 0100 

  0x00000188b9c183bc: ;   {runtime_call DeoptimizationBlob}
  0x00000188b9c183bc: 0041 52e9 | dcc5 beff | f4f4 f4f4 
[/MachCode]


Compiled method (c1)    1827 1041   !   1       java.lang.reflect.Executable::declaredAnnotations (85 bytes)
 total in heap  [0x00000188b9b63e90,0x00000188b9b647b0] = 2336
 relocation     [0x00000188b9b63ff0,0x00000188b9b640a0] = 176
 main code      [0x00000188b9b640a0,0x00000188b9b64420] = 896
 stub code      [0x00000188b9b64420,0x00000188b9b644c8] = 168
 metadata       [0x00000188b9b644c8,0x00000188b9b644f0] = 40
 scopes data    [0x00000188b9b644f0,0x00000188b9b64570] = 128
 scopes pcs     [0x00000188b9b64570,0x00000188b9b64660] = 240
 dependencies   [0x00000188b9b64660,0x00000188b9b64670] = 16
 handler table  [0x00000188b9b64670,0x00000188b9b64790] = 288
 nul chk table  [0x00000188b9b64790,0x00000188b9b647b0] = 32

[Constant Pool (empty)]

[MachCode]
[Entry Point]
  # {method} {0x00000188c243b348} 'declaredAnnotations' '()Ljava/util/Map;' in 'java/lang/reflect/Executable'
  #           [sp+0x80]  (sp of caller)
  0x00000188b9b640a0: 448b 5208 | 49bb 0000 | 00c2 8801 | 0000 4d03 | d34c 3bd0 

  0x00000188b9b640b4: ;   {runtime_call ic_miss_stub}
  0x00000188b9b640b4: 0f85 c6a6 | c9ff 660f | 1f44 0000 
[Verified Entry Point]
  0x00000188b9b640c0: 8984 2400 | 80ff ff55 | 4883 ec70 | 4181 7f20 | 0100 0000 

  0x00000188b9b640d4: ;   {runtime_call StubRoutines (final stubs)}
  0x00000188b9b640d4: 7405 e885 | 0cc8 ff8b | 4218 4885 | c00f 850d | 0200 0048 | 8d74 2450 | 4889 5608 | 488b 0248 
  0x00000188b9b640f4: 83c8 0148 | 8906 f048 | 0fb1 320f | 8412 0000 | 0048 2bc4 | 4825 07f0 | ffff 4889 | 060f 853d 
  0x00000188b9b64114: 0200 0049 | ff87 5005 | 0000 8b72 | 1848 85f6 | 0f85 a001 | 0000 488b | f248 8bd6 | 4889 7424 
  0x00000188b9b64134: 3048 b8ff | ffff ffff 

  0x00000188b9b6413c: ;   {virtual_call}
  0x00000188b9b6413c: ffff ffe8 

  0x00000188b9b64140: ; ImmutableOopMap {[48]=Oop [88]=Oop }
                      ;*invokevirtual getRoot {reexecute=0 rethrow=0 return_oop=0}
                      ; - java.lang.reflect.Executable::declaredAnnotations@23 (line 630)
  0x00000188b9b64140: 6cf4 1100 

  0x00000188b9b64144: ;   {other}
  0x00000188b9b64144: 0f1f 8400 | b402 0000 | 4885 c00f | 8429 0000 

  0x00000188b9b64154: ;   {metadata('java/lang/reflect/Executable')}
  0x00000188b9b64154: 0048 bbd8 | 5501 c288 | 0100 008b | 7808 49ba | 0000 00c2 | 8801 0000 | 4903 fa48 | 3b5f 400f 
  0x00000188b9b64174: 85ee 0100 | 00e9 0000 | 0000 488b | d048 85d2 | 0f84 1700 | 0000 483b 

  0x00000188b9b6418c: ;   {optimized virtual_call}
  0x00000188b9b6418c: 0266 90e8 

  0x00000188b9b64190: ; ImmutableOopMap {[48]=Oop [88]=Oop }
                      ;*invokevirtual declaredAnnotations {reexecute=0 rethrow=0 return_oop=0}
                      ; - java.lang.reflect.Executable::declaredAnnotations@35 (line 632)
  0x00000188b9b64190: 2cff ffff 

  0x00000188b9b64194: ;   {other}
  0x00000188b9b64194: 0f1f 8400 | 0403 0001 | e9f3 0000 | 0048 8b54 | 2430 0f1f | 8000 0000 | 0048 b8ff | ffff ffff 
  0x00000188b9b641b4: ;   {virtual_call}
  0x00000188b9b641b4: ffff ffe8 

  0x00000188b9b641b8: ; ImmutableOopMap {[48]=Oop [88]=Oop }
                      ;*invokevirtual getAnnotationBytes {reexecute=0 rethrow=0 return_oop=0}
                      ; - java.lang.reflect.Executable::declaredAnnotations@43 (line 635)
  0x00000188b9b641b8: 24f4 1100 

  0x00000188b9b641bc: ;   {other}
  0x00000188b9b641bc: 0f1f 8400 | 2c03 0002 

  0x00000188b9b641c4: ;   {oop(a 'java/lang/Class'{0x00000000a0ee07f0} = 'jdk/internal/access/SharedSecrets')}
  0x00000188b9b641c4: 48ba f007 | eea0 0000 | 0000 8b72 | 7c48 8b54 | 2430 4889 | 4424 4048 | 8974 2438 | 0f1f 4400 
  0x00000188b9b641e4: 0048 b8ff | ffff ffff 

  0x00000188b9b641ec: ;   {virtual_call}
  0x00000188b9b641ec: ffff ffe8 

  0x00000188b9b641f0: ; ImmutableOopMap {[48]=Oop [56]=Oop [64]=Oop [88]=Oop }
                      ;*invokevirtual getDeclaringClass {reexecute=0 rethrow=0 return_oop=0}
                      ; - java.lang.reflect.Executable::declaredAnnotations@50 (line 637)
  0x00000188b9b641f0: 1cf2 1100 

  0x00000188b9b641f4: ;   {other}
  0x00000188b9b641f4: 0f1f 8400 | 6403 0003 | 488b 7424 | 3848 85f6 | 0f84 2900 

  0x00000188b9b64208: ;   {metadata('java/lang/System$2')}
  0x00000188b9b64208: 0000 48b9 | 8881 01c2 | 8801 0000 | 8b5e 0849 | ba00 0000 | c288 0100 | 0049 03da | 483b 4b38 
  0x00000188b9b64228: 0f85 4701 | 0000 e900 | 0000 0048 | 8bd6 483b | 0648 3b00 

  0x00000188b9b6423c: ;   {optimized virtual_call}
  0x00000188b9b6423c: 488b d0e8 

  0x00000188b9b64240: ; ImmutableOopMap {[48]=Oop [64]=Oop [88]=Oop }
                      ;*invokevirtual getConstantPool {reexecute=0 rethrow=0 return_oop=0}
                      ; - java.lang.System$2::getConstantPool@1 (line 2349)
                      ; - java.lang.reflect.Executable::declaredAnnotations@53 (line 637)
  0x00000188b9b64240: 2f02 0000 

  0x00000188b9b64244: ;   {other}
  0x00000188b9b64244: 0f1f 8400 | b403 0004 | 488b 5424 | 3048 8944 | 2448 0f1f | 8000 0000 | 0048 b8ff | ffff ffff 
  0x00000188b9b64264: ;   {virtual_call}
  0x00000188b9b64264: ffff ffe8 

  0x00000188b9b64268: ; ImmutableOopMap {[48]=Oop [64]=Oop [72]=Oop [88]=Oop }
                      ;*invokevirtual getDeclaringClass {reexecute=0 rethrow=0 return_oop=0}
                      ; - java.lang.reflect.Executable::declaredAnnotations@59 (line 638)
  0x00000188b9b64268: a4f1 1100 

  0x00000188b9b6426c: ;   {other}
  0x00000188b9b6426c: 0f1f 8400 | dc03 0005 | 488b 5424 | 404c 8b44 | 2448 4c8b | c866 0f1f 

  0x00000188b9b64284: ;   {static_call}
  0x00000188b9b64284: 4400 00e8 

  0x00000188b9b64288: ; ImmutableOopMap {[48]=Oop [88]=Oop }
                      ;*invokestatic parseAnnotations {reexecute=0 rethrow=0 return_oop=0}
                      ; - java.lang.reflect.Executable::declaredAnnotations@62 (line 634)
  0x00000188b9b64288: f601 0000 

  0x00000188b9b6428c: ;   {other}
  0x00000188b9b6428c: 0f1f 8400 | fc03 0006 | 488b 5424 | 3041 0fbe | 7740 85f6 | 0f85 de00 | 0000 4c8b | d044 8952 
  0x00000188b9b642ac: 18f0 8344 | 24c0 0048 | 8bf2 4833 | f048 c1ee | 1448 83fe | 000f 85d8 | 0000 0048 | 8bf0 488d 
  0x00000188b9b642cc: 4424 5048 | 8b38 4885 | ff0f 840f | 0000 0048 | 8b58 08f0 | 480f b13b | 0f85 cd00 | 0000 49ff 
  0x00000188b9b642ec: 8f50 0500 | 0048 8bc6 | 4883 c470 

  0x00000188b9b642f8: ;   {poll_return}
  0x00000188b9b642f8: 5d49 3ba7 | 5004 0000 | 0f87 c400 | 0000 c349 | 8b87 0005 | 0000 4d33 | d24d 8997 | 0005 0000 
  0x00000188b9b64318: 4d33 d24d | 8997 0805 | 0000 488b | f048 8d44 | 2450 488b | 3848 85ff | 0f84 0f00 | 0000 488b 
  0x00000188b9b64338: 5808 f048 | 0fb1 3b0f | 859b 0000 | 0049 ff8f | 5005 0000 | 488b c6e9 | bc00 0000 | 4889 5424 
  0x00000188b9b64358: 0848 8934 

  0x00000188b9b6435c: ;   {runtime_call monitorenter_nofpu Runtime1 stub}
  0x00000188b9b6435c: 24e8 1e1c 

  0x00000188b9b64360: ; ImmutableOopMap {rdx=Oop [88]=Oop }
                      ;*monitorenter {reexecute=0 rethrow=0 return_oop=0}
                      ; - java.lang.reflect.Executable::declaredAnnotations@12 (line 628)
  0x00000188b9b64360: d5ff e9b7 | fdff ff48 

  0x00000188b9b64368: ;   {runtime_call throw_class_cast_exception Runtime1 stub}
  0x00000188b9b64368: 8904 24e8 

  0x00000188b9b6436c: ; ImmutableOopMap {[48]=Oop [88]=Oop }
                      ;*checkcast {reexecute=0 rethrow=0 return_oop=0}
                      ; - java.lang.reflect.Executable::declaredAnnotations@26 (line 630)
  0x00000188b9b6436c: 1010 d5ff 

  0x00000188b9b64370: ;   {runtime_call throw_null_pointer_exception Runtime1 stub}
  0x00000188b9b64370: e80b dad4 

  0x00000188b9b64374: ; ImmutableOopMap {rdx=Oop [48]=Oop [88]=Oop }
                      ;*invokevirtual declaredAnnotations {reexecute=0 rethrow=0 return_oop=0}
                      ; - java.lang.reflect.Executable::declaredAnnotations@35 (line 632)
                      ;   {runtime_call throw_incompatible_class_change_error Runtime1 stub}
  0x00000188b9b64374: ffe8 0613 

  0x00000188b9b64378: ; ImmutableOopMap {rax=Oop rsi=Oop [48]=Oop [64]=Oop [88]=Oop }
                      ;*invokeinterface getConstantPool {reexecute=0 rethrow=0 return_oop=0}
                      ; - java.lang.reflect.Executable::declaredAnnotations@53 (line 637)
                      ;   {runtime_call throw_null_pointer_exception Runtime1 stub}
  0x00000188b9b64378: d5ff e801 

  0x00000188b9b6437c: ; ImmutableOopMap {rax=Oop [48]=Oop [64]=Oop [88]=Oop }
                      ;*invokeinterface getConstantPool {reexecute=0 rethrow=0 return_oop=0}
                      ; - java.lang.reflect.Executable::declaredAnnotations@53 (line 637)
                      ;   {runtime_call throw_null_pointer_exception Runtime1 stub}
  0x00000188b9b6437c: dad4 ffe8 

  0x00000188b9b64380: ; ImmutableOopMap {rax=Oop [48]=Oop [64]=Oop [88]=Oop }
                      ;*invokevirtual getConstantPool {reexecute=0 rethrow=0 return_oop=0}
                      ; - java.lang.System$2::getConstantPool@1 (line 2349)
                      ; - java.lang.reflect.Executable::declaredAnnotations@53 (line 637)
  0x00000188b9b64380: fcd9 d4ff | 8b72 1848 | 83fe 000f | 8415 ffff | ff48 8934 

  0x00000188b9b64394: ;   {runtime_call g1_pre_barrier_slow}
  0x00000188b9b64394: 24e8 e655 | d5ff e907 | ffff ff48 | 83f8 000f | 841e ffff | ff48 8914 

  0x00000188b9b643ac: ;   {runtime_call g1_post_barrier_slow}
  0x00000188b9b643ac: 24e8 ce58 | d5ff e910 | ffff ff48 | 8d44 2450 | 4889 0424 

  0x00000188b9b643c0: ;   {runtime_call monitorexit_nofpu Runtime1 stub}
  0x00000188b9b643c0: e8bb 21d5 | ffe9 27ff 

  0x00000188b9b643c8: ;   {internal_word}
  0x00000188b9b643c8: ffff 49ba | f942 b6b9 | 8801 0000 | 4d89 9768 

  0x00000188b9b643d8: ;   {runtime_call SafepointBlob}
  0x00000188b9b643d8: 0400 00e9 | 2013 caff | 488d 4424 | 5048 8904 

  0x00000188b9b643e8: ;   {runtime_call monitorexit_nofpu Runtime1 stub}
  0x00000188b9b643e8: 24e8 9221 | d5ff e959 | ffff ff49 | 8b87 0005 | 0000 49c7 | 8700 0500 | 0000 0000 | 0049 c787 
  0x00000188b9b64408: 0805 0000 | 0000 0000 | 4883 c470 

  0x00000188b9b64414: ;   {runtime_call unwind_exception Runtime1 stub}
  0x00000188b9b64414: 5de9 66ca | d4ff f4f4 | f4f4 f4f4 
[Stub Code]
  0x00000188b9b64420: ;   {no_reloc}
  0x00000188b9b64420: 0f1f 4400 

  0x00000188b9b64424: ;   {static_stub}
  0x00000188b9b64424: 0048 bb00 | 0000 0000 

  0x00000188b9b6442c: ;   {runtime_call}
  0x00000188b9b6442c: 0000 00e9 | fbff ffff 

  0x00000188b9b64434: ;   {static_stub}
  0x00000188b9b64434: 9048 bb00 | 0000 0000 

  0x00000188b9b6443c: ;   {runtime_call}
  0x00000188b9b6443c: 0000 00e9 | fbff ffff 

  0x00000188b9b64444: ;   {static_stub}
  0x00000188b9b64444: 9048 bb00 | 0000 0000 

  0x00000188b9b6444c: ;   {runtime_call}
  0x00000188b9b6444c: 0000 00e9 | fbff ffff 

  0x00000188b9b64454: ;   {static_stub}
  0x00000188b9b64454: 9048 bb00 | 0000 0000 

  0x00000188b9b6445c: ;   {runtime_call}
  0x00000188b9b6445c: 0000 00e9 | fbff ffff 

  0x00000188b9b64464: ;   {static_stub}
  0x00000188b9b64464: 48bb 0000 | 0000 0000 

  0x00000188b9b6446c: ;   {runtime_call}
  0x00000188b9b6446c: 0000 e9fb 

  0x00000188b9b64470: ;   {static_stub}
  0x00000188b9b64470: ffff ff48 | bba0 f146 | c288 0100 

  0x00000188b9b6447c: ;   {runtime_call I2C/C2I adapters}
  0x00000188b9b6447c: 00e9 e1ef 

  0x00000188b9b64480: ;   {static_stub}
  0x00000188b9b64480: c9ff 48bb | 88e4 0fc2 | 8801 0000 

  0x00000188b9b6448c: ;   {runtime_call I2C/C2I adapters}
  0x00000188b9b6448c: e9da 68c9 

  0x00000188b9b64490: ;   {runtime_call handle_exception_from_callee Runtime1 stub}
  0x00000188b9b64490: ffe8 6a04 

  0x00000188b9b64494: ;   {external_word}
  0x00000188b9b64494: d5ff 48b9 | 0048 4970 | fa7f 0000 | 4883 e4f0 

  0x00000188b9b644a4: ;   {runtime_call}
  0x00000188b9b644a4: 48b8 4024 | 1170 fa7f | 0000 ffd0 

  0x00000188b9b644b0: ;   {section_word}
  0x00000188b9b644b0: f449 bab1 | 44b6 b988 | 0100 0041 

  0x00000188b9b644bc: ;   {runtime_call DeoptimizationBlob}
  0x00000188b9b644bc: 52e9 de04 | caff f4f4 | f4f4 f4f4 
[/MachCode]


---------------  P R O C E S S  ---------------

Threads class SMR info:
_java_thread_list=0x00000188c1d0c770, length=15, elements={
0x00000188af11acb0, 0x00000188c1105bf0, 0x00000188c1106a10, 0x00000188c1107fc0,
0x00000188c110bba0, 0x00000188c110c600, 0x00000188c110d870, 0x00000188c1113830,
0x00000188c12f3300, 0x00000188c13520d0, 0x00000188c170ddd0, 0x00000188c170e440,
0x00000188c180ec10, 0x00000188c18dde60, 0x00000188c1ea2040
}

Java Threads: ( => current thread )
=>0x00000188af11acb0 JavaThread "main"                              [_thread_in_vm, id=18408, stack(0x0000001b42d00000,0x0000001b42e00000) (1024K)]
  0x00000188c1105bf0 JavaThread "Reference Handler"          daemon [_thread_blocked, id=3196, stack(0x0000001b43500000,0x0000001b43600000) (1024K)]
  0x00000188c1106a10 JavaThread "Finalizer"                  daemon [_thread_blocked, id=3676, stack(0x0000001b43600000,0x0000001b43700000) (1024K)]
  0x00000188c1107fc0 JavaThread "Signal Dispatcher"          daemon [_thread_blocked, id=10604, stack(0x0000001b43700000,0x0000001b43800000) (1024K)]
  0x00000188c110bba0 JavaThread "Attach Listener"            daemon [_thread_blocked, id=1756, stack(0x0000001b43800000,0x0000001b43900000) (1024K)]
  0x00000188c110c600 JavaThread "Service Thread"             daemon [_thread_blocked, id=2980, stack(0x0000001b43900000,0x0000001b43a00000) (1024K)]
  0x00000188c110d870 JavaThread "Monitor Deflation Thread"   daemon [_thread_blocked, id=10096, stack(0x0000001b43a00000,0x0000001b43b00000) (1024K)]
  0x00000188c1113830 JavaThread "C1 CompilerThread0"         daemon [_thread_blocked, id=17404, stack(0x0000001b43b00000,0x0000001b43c00000) (1024K)]
  0x00000188c12f3300 JavaThread "Common-Cleaner"             daemon [_thread_blocked, id=1472, stack(0x0000001b43c00000,0x0000001b43d00000) (1024K)]
  0x00000188c13520d0 JavaThread "C1 CompilerThread1"         daemon [_thread_blocked, id=14952, stack(0x0000001b43d00000,0x0000001b43e00000) (1024K)]
  0x00000188c170ddd0 JavaThread "Monitor Ctrl-Break"         daemon [_thread_in_native, id=12160, stack(0x0000001b43e00000,0x0000001b43f00000) (1024K)]
  0x00000188c170e440 JavaThread "Notification Thread"        daemon [_thread_blocked, id=1492, stack(0x0000001b43f00000,0x0000001b44000000) (1024K)]
  0x00000188c180ec10 JavaThread "C1 CompilerThread2"         daemon [_thread_blocked, id=11780, stack(0x0000001b44000000,0x0000001b44100000) (1024K)]
  0x00000188c18dde60 JavaThread "RMI TCP Accept-0"           daemon [_thread_in_native, id=18912, stack(0x0000001b44100000,0x0000001b44200000) (1024K)]
  0x00000188c1ea2040 JavaThread "background-preinit"                [_thread_in_vm, id=16520, stack(0x0000001b44900000,0x0000001b44a00000) (1024K)]
Total: 15

Other Threads:
  0x00000188c10e8ae0 VMThread "VM Thread"                           [id=11940, stack(0x0000001b43400000,0x0000001b43500000) (1024K)]
  0x00000188c10d0d20 WatcherThread "VM Periodic Task Thread"        [id=3092, stack(0x0000001b43300000,0x0000001b43400000) (1024K)]
  0x00000188b1395fb0 WorkerThread "GC Thread#0"                     [id=4192, stack(0x0000001b42e00000,0x0000001b42f00000) (1024K)]
  0x00000188c1cd10d0 WorkerThread "GC Thread#1"                     [id=17048, stack(0x0000001b44200000,0x0000001b44300000) (1024K)]
  0x00000188c1d18240 WorkerThread "GC Thread#2"                     [id=11260, stack(0x0000001b44300000,0x0000001b44400000) (1024K)]
  0x00000188c1d185e0 WorkerThread "GC Thread#3"                     [id=19992, stack(0x0000001b44400000,0x0000001b44500000) (1024K)]
  0x00000188c1d1c990 WorkerThread "GC Thread#4"                     [id=9612, stack(0x0000001b44500000,0x0000001b44600000) (1024K)]
  0x00000188c1d1d140 WorkerThread "GC Thread#5"                     [id=9720, stack(0x0000001b44600000,0x0000001b44700000) (1024K)]
  0x00000188c1d1d960 WorkerThread "GC Thread#6"                     [id=19028, stack(0x0000001b44700000,0x0000001b44800000) (1024K)]
  0x00000188c1d1dd00 WorkerThread "GC Thread#7"                     [id=19852, stack(0x0000001b44800000,0x0000001b44900000) (1024K)]
  0x00000188b13a3760 ConcurrentGCThread "G1 Main Marker"            [id=9604, stack(0x0000001b42f00000,0x0000001b43000000) (1024K)]
  0x00000188b13a4170 WorkerThread "G1 Conc#0"                       [id=3692, stack(0x0000001b43000000,0x0000001b43100000) (1024K)]
  0x00000188c0fa10a0 ConcurrentGCThread "G1 Refine#0"               [id=14632, stack(0x0000001b43100000,0x0000001b43200000) (1024K)]
  0x00000188c0fa1b20 ConcurrentGCThread "G1 Service"                [id=3268, stack(0x0000001b43200000,0x0000001b43300000) (1024K)]
Total: 14

Threads with active compile tasks:
Total: 0

VM state: not at safepoint (normal execution)

VM Mutex/Monitor currently owned by a thread:  ([mutex/lock_event])
[0x00007ffa7072ace8] Metaspace_lock - owner thread: 0x00000188af11acb0

Heap address: 0x00000000a0c00000, size: 1524 MB, Compressed Oops mode: 32-bit

CDS archive(s) mapped at: [0x00000188c2000000-0x00000188c2c90000-0x00000188c2c90000), size 13172736, SharedBaseAddress: 0x00000188c2000000, ArchiveRelocationMode: 1.
Compressed class space mapped at: 0x00000188c3000000-0x0000018903000000, reserved size: 1073741824
Narrow klass base: 0x00000188c2000000, Narrow klass shift: 0, Narrow klass range: 0x100000000

GC Precious Log:
 CardTable entry size: 512
 Card Set container configuration: InlinePtr #cards 5 size 8 Array Of Cards #cards 12 size 40 Howl #buckets 4 coarsen threshold 1843 Howl Bitmap #cards 512 size 80 coarsen threshold 460 Card regions per heap region 1 cards per card region 2048
 CPUs: 8 total, 8 available
 Memory: 6091M
 Large Page Support: Disabled
 NUMA Support: Disabled
 Compressed Oops: Enabled (32-bit)
 Heap Region Size: 1M
 Heap Min Capacity: 8M
 Heap Initial Capacity: 96M
 Heap Max Capacity: 1524M
 Pre-touch: Disabled
 Parallel Workers: 8
 Concurrent Workers: 2
 Concurrent Refinement Workers: 8
 Periodic GC: Disabled

Heap:
 garbage-first heap   total 98304K, used 12224K [0x00000000a0c00000, 0x0000000100000000)
  region size 1024K, 5 young (5120K), 3 survivors (3072K)
 Metaspace       used 14303K, committed 14592K, reserved 1114112K
  class space    used 1867K, committed 1984K, reserved 1048576K

Heap Regions: E=young(eden), S=young(survivor), O=old, HS=humongous(starts), HC=humongous(continues), CS=collection set, F=free, TAMS=top-at-mark-start, PB=parsable bottom
|   0|0x00000000a0c00000, 0x00000000a0d00000, 0x00000000a0d00000|100%|HS|  |TAMS 0x00000000a0c00000| PB 0x00000000a0c00000| Complete 
|   1|0x00000000a0d00000, 0x00000000a0e00000, 0x00000000a0e00000|100%|HS|  |TAMS 0x00000000a0d00000| PB 0x00000000a0d00000| Complete 
|   2|0x00000000a0e00000, 0x00000000a0f00000, 0x00000000a0f00000|100%| O|  |TAMS 0x00000000a0e00000| PB 0x00000000a0e00000| Untracked 
|   3|0x00000000a0f00000, 0x00000000a1000000, 0x00000000a1000000|100%| O|  |TAMS 0x00000000a0f00000| PB 0x00000000a0f00000| Untracked 
|   4|0x00000000a1000000, 0x00000000a1100000, 0x00000000a1100000|100%| O|  |TAMS 0x00000000a1000000| PB 0x00000000a1000000| Untracked 
|   5|0x00000000a1100000, 0x00000000a1200000, 0x00000000a1200000|100%| O|  |TAMS 0x00000000a1100000| PB 0x00000000a1100000| Untracked 
|   6|0x00000000a1200000, 0x00000000a1300000, 0x00000000a1300000|100%| O|  |TAMS 0x00000000a1200000| PB 0x00000000a1200000| Untracked 
|   7|0x00000000a1300000, 0x00000000a1400000, 0x00000000a1400000|100%| O|  |TAMS 0x00000000a1300000| PB 0x00000000a1300000| Untracked 
|   8|0x00000000a1400000, 0x00000000a1488e50, 0x00000000a1500000| 53%| O|  |TAMS 0x00000000a1400000| PB 0x00000000a1400000| Untracked 
|   9|0x00000000a1500000, 0x00000000a1500000, 0x00000000a1600000|  0%| F|  |TAMS 0x00000000a1500000| PB 0x00000000a1500000| Untracked 
|  10|0x00000000a1600000, 0x00000000a1600000, 0x00000000a1700000|  0%| F|  |TAMS 0x00000000a1600000| PB 0x00000000a1600000| Untracked 
|  11|0x00000000a1700000, 0x00000000a1700000, 0x00000000a1800000|  0%| F|  |TAMS 0x00000000a1700000| PB 0x00000000a1700000| Untracked 
|  12|0x00000000a1800000, 0x00000000a1800000, 0x00000000a1900000|  0%| F|  |TAMS 0x00000000a1800000| PB 0x00000000a1800000| Untracked 
|  13|0x00000000a1900000, 0x00000000a1900000, 0x00000000a1a00000|  0%| F|  |TAMS 0x00000000a1900000| PB 0x00000000a1900000| Untracked 
|  14|0x00000000a1a00000, 0x00000000a1a00000, 0x00000000a1b00000|  0%| F|  |TAMS 0x00000000a1a00000| PB 0x00000000a1a00000| Untracked 
|  15|0x00000000a1b00000, 0x00000000a1b00000, 0x00000000a1c00000|  0%| F|  |TAMS 0x00000000a1b00000| PB 0x00000000a1b00000| Untracked 
|  16|0x00000000a1c00000, 0x00000000a1c00000, 0x00000000a1d00000|  0%| F|  |TAMS 0x00000000a1c00000| PB 0x00000000a1c00000| Untracked 
|  17|0x00000000a1d00000, 0x00000000a1d00000, 0x00000000a1e00000|  0%| F|  |TAMS 0x00000000a1d00000| PB 0x00000000a1d00000| Untracked 
|  18|0x00000000a1e00000, 0x00000000a1e00000, 0x00000000a1f00000|  0%| F|  |TAMS 0x00000000a1e00000| PB 0x00000000a1e00000| Untracked 
|  19|0x00000000a1f00000, 0x00000000a1f00000, 0x00000000a2000000|  0%| F|  |TAMS 0x00000000a1f00000| PB 0x00000000a1f00000| Untracked 
|  20|0x00000000a2000000, 0x00000000a2000000, 0x00000000a2100000|  0%| F|  |TAMS 0x00000000a2000000| PB 0x00000000a2000000| Untracked 
|  21|0x00000000a2100000, 0x00000000a2100000, 0x00000000a2200000|  0%| F|  |TAMS 0x00000000a2100000| PB 0x00000000a2100000| Untracked 
|  22|0x00000000a2200000, 0x00000000a2200000, 0x00000000a2300000|  0%| F|  |TAMS 0x00000000a2200000| PB 0x00000000a2200000| Untracked 
|  23|0x00000000a2300000, 0x00000000a2300000, 0x00000000a2400000|  0%| F|  |TAMS 0x00000000a2300000| PB 0x00000000a2300000| Untracked 
|  24|0x00000000a2400000, 0x00000000a2400000, 0x00000000a2500000|  0%| F|  |TAMS 0x00000000a2400000| PB 0x00000000a2400000| Untracked 
|  25|0x00000000a2500000, 0x00000000a2500000, 0x00000000a2600000|  0%| F|  |TAMS 0x00000000a2500000| PB 0x00000000a2500000| Untracked 
|  26|0x00000000a2600000, 0x00000000a2600000, 0x00000000a2700000|  0%| F|  |TAMS 0x00000000a2600000| PB 0x00000000a2600000| Untracked 
|  27|0x00000000a2700000, 0x00000000a2700000, 0x00000000a2800000|  0%| F|  |TAMS 0x00000000a2700000| PB 0x00000000a2700000| Untracked 
|  28|0x00000000a2800000, 0x00000000a2800000, 0x00000000a2900000|  0%| F|  |TAMS 0x00000000a2800000| PB 0x00000000a2800000| Untracked 
|  29|0x00000000a2900000, 0x00000000a2900000, 0x00000000a2a00000|  0%| F|  |TAMS 0x00000000a2900000| PB 0x00000000a2900000| Untracked 
|  30|0x00000000a2a00000, 0x00000000a2a00000, 0x00000000a2b00000|  0%| F|  |TAMS 0x00000000a2a00000| PB 0x00000000a2a00000| Untracked 
|  31|0x00000000a2b00000, 0x00000000a2b00000, 0x00000000a2c00000|  0%| F|  |TAMS 0x00000000a2b00000| PB 0x00000000a2b00000| Untracked 
|  32|0x00000000a2c00000, 0x00000000a2c00000, 0x00000000a2d00000|  0%| F|  |TAMS 0x00000000a2c00000| PB 0x00000000a2c00000| Untracked 
|  33|0x00000000a2d00000, 0x00000000a2d00000, 0x00000000a2e00000|  0%| F|  |TAMS 0x00000000a2d00000| PB 0x00000000a2d00000| Untracked 
|  34|0x00000000a2e00000, 0x00000000a2e00000, 0x00000000a2f00000|  0%| F|  |TAMS 0x00000000a2e00000| PB 0x00000000a2e00000| Untracked 
|  35|0x00000000a2f00000, 0x00000000a2f00000, 0x00000000a3000000|  0%| F|  |TAMS 0x00000000a2f00000| PB 0x00000000a2f00000| Untracked 
|  36|0x00000000a3000000, 0x00000000a3000000, 0x00000000a3100000|  0%| F|  |TAMS 0x00000000a3000000| PB 0x00000000a3000000| Untracked 
|  37|0x00000000a3100000, 0x00000000a3100000, 0x00000000a3200000|  0%| F|  |TAMS 0x00000000a3100000| PB 0x00000000a3100000| Untracked 
|  38|0x00000000a3200000, 0x00000000a3200000, 0x00000000a3300000|  0%| F|  |TAMS 0x00000000a3200000| PB 0x00000000a3200000| Untracked 
|  39|0x00000000a3300000, 0x00000000a3300000, 0x00000000a3400000|  0%| F|  |TAMS 0x00000000a3300000| PB 0x00000000a3300000| Untracked 
|  40|0x00000000a3400000, 0x00000000a3400000, 0x00000000a3500000|  0%| F|  |TAMS 0x00000000a3400000| PB 0x00000000a3400000| Untracked 
|  41|0x00000000a3500000, 0x00000000a3500000, 0x00000000a3600000|  0%| F|  |TAMS 0x00000000a3500000| PB 0x00000000a3500000| Untracked 
|  42|0x00000000a3600000, 0x00000000a3600000, 0x00000000a3700000|  0%| F|  |TAMS 0x00000000a3600000| PB 0x00000000a3600000| Untracked 
|  43|0x00000000a3700000, 0x00000000a3700000, 0x00000000a3800000|  0%| F|  |TAMS 0x00000000a3700000| PB 0x00000000a3700000| Untracked 
|  44|0x00000000a3800000, 0x00000000a3800000, 0x00000000a3900000|  0%| F|  |TAMS 0x00000000a3800000| PB 0x00000000a3800000| Untracked 
|  45|0x00000000a3900000, 0x00000000a3900000, 0x00000000a3a00000|  0%| F|  |TAMS 0x00000000a3900000| PB 0x00000000a3900000| Untracked 
|  46|0x00000000a3a00000, 0x00000000a3a00000, 0x00000000a3b00000|  0%| F|  |TAMS 0x00000000a3a00000| PB 0x00000000a3a00000| Untracked 
|  47|0x00000000a3b00000, 0x00000000a3b00000, 0x00000000a3c00000|  0%| F|  |TAMS 0x00000000a3b00000| PB 0x00000000a3b00000| Untracked 
|  48|0x00000000a3c00000, 0x00000000a3c00000, 0x00000000a3d00000|  0%| F|  |TAMS 0x00000000a3c00000| PB 0x00000000a3c00000| Untracked 
|  49|0x00000000a3d00000, 0x00000000a3d00000, 0x00000000a3e00000|  0%| F|  |TAMS 0x00000000a3d00000| PB 0x00000000a3d00000| Untracked 
|  50|0x00000000a3e00000, 0x00000000a3e00000, 0x00000000a3f00000|  0%| F|  |TAMS 0x00000000a3e00000| PB 0x00000000a3e00000| Untracked 
|  51|0x00000000a3f00000, 0x00000000a3f00000, 0x00000000a4000000|  0%| F|  |TAMS 0x00000000a3f00000| PB 0x00000000a3f00000| Untracked 
|  52|0x00000000a4000000, 0x00000000a4000000, 0x00000000a4100000|  0%| F|  |TAMS 0x00000000a4000000| PB 0x00000000a4000000| Untracked 
|  53|0x00000000a4100000, 0x00000000a4100000, 0x00000000a4200000|  0%| F|  |TAMS 0x00000000a4100000| PB 0x00000000a4100000| Untracked 
|  54|0x00000000a4200000, 0x00000000a4200000, 0x00000000a4300000|  0%| F|  |TAMS 0x00000000a4200000| PB 0x00000000a4200000| Untracked 
|  55|0x00000000a4300000, 0x00000000a4300000, 0x00000000a4400000|  0%| F|  |TAMS 0x00000000a4300000| PB 0x00000000a4300000| Untracked 
|  56|0x00000000a4400000, 0x00000000a4400000, 0x00000000a4500000|  0%| F|  |TAMS 0x00000000a4400000| PB 0x00000000a4400000| Untracked 
|  57|0x00000000a4500000, 0x00000000a4500000, 0x00000000a4600000|  0%| F|  |TAMS 0x00000000a4500000| PB 0x00000000a4500000| Untracked 
|  58|0x00000000a4600000, 0x00000000a4600000, 0x00000000a4700000|  0%| F|  |TAMS 0x00000000a4600000| PB 0x00000000a4600000| Untracked 
|  59|0x00000000a4700000, 0x00000000a4700000, 0x00000000a4800000|  0%| F|  |TAMS 0x00000000a4700000| PB 0x00000000a4700000| Untracked 
|  60|0x00000000a4800000, 0x00000000a4800000, 0x00000000a4900000|  0%| F|  |TAMS 0x00000000a4800000| PB 0x00000000a4800000| Untracked 
|  61|0x00000000a4900000, 0x00000000a4900000, 0x00000000a4a00000|  0%| F|  |TAMS 0x00000000a4900000| PB 0x00000000a4900000| Untracked 
|  62|0x00000000a4a00000, 0x00000000a4a00000, 0x00000000a4b00000|  0%| F|  |TAMS 0x00000000a4a00000| PB 0x00000000a4a00000| Untracked 
|  63|0x00000000a4b00000, 0x00000000a4b67358, 0x00000000a4c00000| 40%| S|CS|TAMS 0x00000000a4b00000| PB 0x00000000a4b00000| Complete 
|  64|0x00000000a4c00000, 0x00000000a4d00000, 0x00000000a4d00000|100%| S|CS|TAMS 0x00000000a4c00000| PB 0x00000000a4c00000| Complete 
|  65|0x00000000a4d00000, 0x00000000a4e00000, 0x00000000a4e00000|100%| S|CS|TAMS 0x00000000a4d00000| PB 0x00000000a4d00000| Complete 
|  66|0x00000000a4e00000, 0x00000000a4e00000, 0x00000000a4f00000|  0%| F|  |TAMS 0x00000000a4e00000| PB 0x00000000a4e00000| Untracked 
|  67|0x00000000a4f00000, 0x00000000a4f00000, 0x00000000a5000000|  0%| F|  |TAMS 0x00000000a4f00000| PB 0x00000000a4f00000| Untracked 
|  68|0x00000000a5000000, 0x00000000a5000000, 0x00000000a5100000|  0%| F|  |TAMS 0x00000000a5000000| PB 0x00000000a5000000| Untracked 
|  69|0x00000000a5100000, 0x00000000a5100000, 0x00000000a5200000|  0%| F|  |TAMS 0x00000000a5100000| PB 0x00000000a5100000| Untracked 
|  70|0x00000000a5200000, 0x00000000a5200000, 0x00000000a5300000|  0%| F|  |TAMS 0x00000000a5200000| PB 0x00000000a5200000| Untracked 
|  71|0x00000000a5300000, 0x00000000a5300000, 0x00000000a5400000|  0%| F|  |TAMS 0x00000000a5300000| PB 0x00000000a5300000| Untracked 
|  72|0x00000000a5400000, 0x00000000a5400000, 0x00000000a5500000|  0%| F|  |TAMS 0x00000000a5400000| PB 0x00000000a5400000| Untracked 
|  73|0x00000000a5500000, 0x00000000a5500000, 0x00000000a5600000|  0%| F|  |TAMS 0x00000000a5500000| PB 0x00000000a5500000| Untracked 
|  74|0x00000000a5600000, 0x00000000a5600000, 0x00000000a5700000|  0%| F|  |TAMS 0x00000000a5600000| PB 0x00000000a5600000| Untracked 
|  75|0x00000000a5700000, 0x00000000a5700000, 0x00000000a5800000|  0%| F|  |TAMS 0x00000000a5700000| PB 0x00000000a5700000| Untracked 
|  76|0x00000000a5800000, 0x00000000a5800000, 0x00000000a5900000|  0%| F|  |TAMS 0x00000000a5800000| PB 0x00000000a5800000| Untracked 
|  77|0x00000000a5900000, 0x00000000a5900000, 0x00000000a5a00000|  0%| F|  |TAMS 0x00000000a5900000| PB 0x00000000a5900000| Untracked 
|  78|0x00000000a5a00000, 0x00000000a5a00000, 0x00000000a5b00000|  0%| F|  |TAMS 0x00000000a5a00000| PB 0x00000000a5a00000| Untracked 
|  79|0x00000000a5b00000, 0x00000000a5b00000, 0x00000000a5c00000|  0%| F|  |TAMS 0x00000000a5b00000| PB 0x00000000a5b00000| Untracked 
|  80|0x00000000a5c00000, 0x00000000a5c00000, 0x00000000a5d00000|  0%| F|  |TAMS 0x00000000a5c00000| PB 0x00000000a5c00000| Untracked 
|  81|0x00000000a5d00000, 0x00000000a5d00000, 0x00000000a5e00000|  0%| F|  |TAMS 0x00000000a5d00000| PB 0x00000000a5d00000| Untracked 
|  82|0x00000000a5e00000, 0x00000000a5e00000, 0x00000000a5f00000|  0%| F|  |TAMS 0x00000000a5e00000| PB 0x00000000a5e00000| Untracked 
|  83|0x00000000a5f00000, 0x00000000a5f00000, 0x00000000a6000000|  0%| F|  |TAMS 0x00000000a5f00000| PB 0x00000000a5f00000| Untracked 
|  84|0x00000000a6000000, 0x00000000a6000000, 0x00000000a6100000|  0%| F|  |TAMS 0x00000000a6000000| PB 0x00000000a6000000| Untracked 
|  85|0x00000000a6100000, 0x00000000a6100000, 0x00000000a6200000|  0%| F|  |TAMS 0x00000000a6100000| PB 0x00000000a6100000| Untracked 
|  86|0x00000000a6200000, 0x00000000a6200000, 0x00000000a6300000|  0%| F|  |TAMS 0x00000000a6200000| PB 0x00000000a6200000| Untracked 
|  87|0x00000000a6300000, 0x00000000a6300000, 0x00000000a6400000|  0%| F|  |TAMS 0x00000000a6300000| PB 0x00000000a6300000| Untracked 
|  88|0x00000000a6400000, 0x00000000a6400000, 0x00000000a6500000|  0%| F|  |TAMS 0x00000000a6400000| PB 0x00000000a6400000| Untracked 
|  89|0x00000000a6500000, 0x00000000a6500000, 0x00000000a6600000|  0%| F|  |TAMS 0x00000000a6500000| PB 0x00000000a6500000| Untracked 
|  90|0x00000000a6600000, 0x00000000a6600000, 0x00000000a6700000|  0%| F|  |TAMS 0x00000000a6600000| PB 0x00000000a6600000| Untracked 
|  91|0x00000000a6700000, 0x00000000a6700000, 0x00000000a6800000|  0%| F|  |TAMS 0x00000000a6700000| PB 0x00000000a6700000| Untracked 
|  92|0x00000000a6800000, 0x00000000a6800000, 0x00000000a6900000|  0%| F|  |TAMS 0x00000000a6800000| PB 0x00000000a6800000| Untracked 
|  93|0x00000000a6900000, 0x00000000a6900000, 0x00000000a6a00000|  0%| F|  |TAMS 0x00000000a6900000| PB 0x00000000a6900000| Untracked 
|  94|0x00000000a6a00000, 0x00000000a6a38bb0, 0x00000000a6b00000| 22%| E|  |TAMS 0x00000000a6a00000| PB 0x00000000a6a00000| Complete 
|  95|0x00000000a6b00000, 0x00000000a6c00000, 0x00000000a6c00000|100%| E|CS|TAMS 0x00000000a6b00000| PB 0x00000000a6b00000| Complete 

Card table byte_map: [0x00000188bcbc0000,0x00000188bcec0000] _byte_map_base: 0x00000188bc6ba000

Marking Bits: (CMBitMap*) 0x00000188b13965c0
 Bits: [0x00000188bcec0000, 0x00000188be690000)

Polling page: 0x00000188af350000

Metaspace:

Usage:
  Non-class:     12.14 MB used.
      Class:      1.82 MB used.
       Both:     13.97 MB used.

Virtual space:
  Non-class space:       64.00 MB reserved,      12.31 MB ( 19%) committed,  1 nodes.
      Class space:        1.00 GB reserved,       1.94 MB ( <1%) committed,  1 nodes.
             Both:        1.06 GB reserved,      14.25 MB (  1%) committed. 

Chunk freelists:
   Non-Class:  2.80 MB
       Class:  13.88 MB
        Both:  16.67 MB

MaxMetaspaceSize: unlimited
CompressedClassSpaceSize: 1.00 GB
Initial GC threshold: 21.00 MB
Current GC threshold: 21.00 MB
CDS: on
 - commit_granule_bytes: 65536.
 - commit_granule_words: 8192.
 - virtual_space_node_default_size: 8388608.
 - enlarge_chunks_in_place: 1.
 - use_allocation_guard: 0.


Internal statistics:

num_allocs_failed_limit: 0.
num_arena_births: 334.
num_arena_deaths: 0.
num_vsnodes_births: 2.
num_vsnodes_deaths: 0.
num_space_committed: 228.
num_space_uncommitted: 0.
num_chunks_returned_to_freelist: 0.
num_chunks_taken_from_freelist: 723.
num_chunk_merges: 0.
num_chunk_splits: 481.
num_chunks_enlarged: 328.
num_inconsistent_stats: 0.

CodeCache: size=49152Kb used=5665Kb max_used=5665Kb free=43486Kb
 bounds [0x00000188b97b0000, 0x00000188b9d80000, 0x00000188bc7b0000]
 total_blobs=2687 nmethods=2180 adapters=429
 compilation: disabled (not enough contiguous free space left)
              stopped_count=1, restarted_count=0
 full_count=1

Compilation events (20 events):
Event: 1.754 Thread 0x00000188c180ec10 2172       1       sun.util.locale.LanguageTag::getExtensions (24 bytes)
Event: 1.754 Thread 0x00000188c180ec10 nmethod 2172 0x00000188b9d2f090 code [0x00000188b9d2f240, 0x00000188b9d2f3a8]
Event: 1.754 Thread 0x00000188c180ec10 2173       1       sun.util.locale.LocaleObjectCache::normalizeKey (2 bytes)
Event: 1.754 Thread 0x00000188c180ec10 nmethod 2173 0x00000188b9d2f490 code [0x00000188b9d2f620, 0x00000188b9d2f6e8]
Event: 1.754 Thread 0x00000188c180ec10 2174       1       sun.util.locale.BaseLocale$Cache::normalizeKey (9 bytes)
Event: 1.754 Thread 0x00000188c13520d0 nmethod 2170 0x00000188b9d2f790 code [0x00000188b9d2f940, 0x00000188b9d2fba8]
Event: 1.754 Thread 0x00000188c180ec10 nmethod 2174 0x00000188b9d2fe10 code [0x00000188b9d2ffc0, 0x00000188b9d300e0]
Event: 1.754 Thread 0x00000188c13520d0 2175       1       sun.util.locale.LanguageTag::isScript (21 bytes)
Event: 1.754 Thread 0x00000188c180ec10 2176       1       sun.util.locale.LanguageTag::isExtlang (21 bytes)
Event: 1.755 Thread 0x00000188c180ec10 nmethod 2176 0x00000188b9d30190 code [0x00000188b9d30340, 0x00000188b9d305a0]
Event: 1.755 Thread 0x00000188c13520d0 nmethod 2175 0x00000188b9d30810 code [0x00000188b9d309c0, 0x00000188b9d30c20]
Event: 1.755 Thread 0x00000188c13520d0 2177       1       sun.util.locale.LanguageTag::isRegion (36 bytes)
Event: 1.755 Thread 0x00000188c1113830 nmethod 2164 0x00000188b9d30e90 code [0x00000188b9d311a0, 0x00000188b9d32bf8]
Event: 1.755 Thread 0x00000188c180ec10 2178       1       sun.util.locale.InternalLocaleBuilder::<init> (29 bytes)
Event: 1.755 Thread 0x00000188c1113830 2179       1       java.util.Locale::forLanguageTag (74 bytes)
Event: 1.756 Thread 0x00000188c180ec10 nmethod 2178 0x00000188b9d33e10 code [0x00000188b9d33fc0, 0x00000188b9d34240]
Event: 1.756 Thread 0x00000188c180ec10 2180       1       sun.util.locale.LanguageTag::parse (205 bytes)
Event: 1.756 Thread 0x00000188c1113830 nmethod 2179 0x00000188b9d34290 code [0x00000188b9d344a0, 0x00000188b9d348a8]
Event: 1.756 Thread 0x00000188c13520d0 nmethod 2177 0x00000188b9d34a90 code [0x00000188b9d34c60, 0x00000188b9d35048]
Event: 1.757 Thread 0x00000188c180ec10 nmethod 2180 0x00000188b9d35390 code [0x00000188b9d35640, 0x00000188b9d35ee8]

GC Heap History (4 events):
Event: 1.111 GC heap before
{Heap before GC invocations=0 (full 0):
 garbage-first heap   total 98304K, used 24576K [0x00000000a0c00000, 0x0000000100000000)
  region size 1024K, 23 young (23552K), 0 survivors (0K)
 Metaspace       used 7569K, committed 7808K, reserved 1114112K
  class space    used 921K, committed 1024K, reserved 1048576K
}
Event: 1.121 GC heap after
{Heap after GC invocations=1 (full 0):
 garbage-first heap   total 98304K, used 8576K [0x00000000a0c00000, 0x0000000100000000)
  region size 1024K, 3 young (3072K), 3 survivors (3072K)
 Metaspace       used 7569K, committed 7808K, reserved 1114112K
  class space    used 921K, committed 1024K, reserved 1048576K
}
Event: 1.764 GC heap before
{Heap before GC invocations=1 (full 0):
 garbage-first heap   total 98304K, used 35200K [0x00000000a0c00000, 0x0000000100000000)
  region size 1024K, 30 young (30720K), 3 survivors (3072K)
 Metaspace       used 14222K, committed 14528K, reserved 1114112K
  class space    used 1856K, committed 1984K, reserved 1048576K
}
Event: 1.771 GC heap after
{Heap after GC invocations=2 (full 0):
 garbage-first heap   total 98304K, used 11200K [0x00000000a0c00000, 0x0000000100000000)
  region size 1024K, 3 young (3072K), 3 survivors (3072K)
 Metaspace       used 14222K, committed 14528K, reserved 1114112K
  class space    used 1856K, committed 1984K, reserved 1048576K
}

Dll operation events (11 events):
Event: 0.011 Loaded shared library C:\Program Files\Java\jdk-21\bin\java.dll
Event: 0.183 Loaded shared library C:\Program Files\Java\jdk-21\bin\zip.dll
Event: 0.190 Loaded shared library C:\Program Files\Java\jdk-21\bin\instrument.dll
Event: 0.201 Loaded shared library C:\Program Files\Java\jdk-21\bin\net.dll
Event: 0.206 Loaded shared library C:\Program Files\Java\jdk-21\bin\nio.dll
Event: 0.216 Loaded shared library C:\Program Files\Java\jdk-21\bin\zip.dll
Event: 0.396 Loaded shared library C:\Program Files\JetBrains\IntelliJ IDEA 2023.3.2\bin\breakgen64.dll
Event: 0.405 Loaded shared library C:\Program Files\Java\jdk-21\bin\jimage.dll
Event: 0.411 Loaded shared library C:\Program Files\Java\jdk-21\bin\extnet.dll
Event: 0.434 Loaded shared library C:\Program Files\Java\jdk-21\bin\management.dll
Event: 0.450 Loaded shared library C:\Program Files\Java\jdk-21\bin\management_ext.dll

Deoptimization events (0 events):
No events

Classes loaded (20 events):
Event: 1.730 Loading class java/util/concurrent/atomic/AtomicReferenceArray
Event: 1.730 Loading class java/util/concurrent/atomic/AtomicReferenceArray done
Event: 1.730 Loading class java/lang/invoke/VarHandleReferences$Array
Event: 1.730 Loading class java/lang/invoke/VarHandleReferences$Array done
Event: 1.737 Loading class java/lang/StackTraceElement$HashedModules
Event: 1.737 Loading class java/lang/StackTraceElement$HashedModules done
Event: 1.741 Loading class java/time/temporal/TemporalAdjusters
Event: 1.741 Loading class java/time/temporal/TemporalAdjusters done
Event: 1.742 Loading class java/time/ZonedDateTime$1
Event: 1.742 Loading class java/time/ZonedDateTime$1 done
Event: 1.751 Loading class org/xml/sax/ErrorHandler
Event: 1.751 Loading class org/xml/sax/ErrorHandler done
Event: 1.752 Loading class org/xml/sax/SAXParseException
Event: 1.752 Loading class org/xml/sax/SAXParseException done
Event: 1.759 Loading class java/io/CharConversionException
Event: 1.759 Loading class java/io/CharConversionException done
Event: 1.774 Loading class sun/text/resources/cldr/FormatData_en
Event: 1.774 Loading class sun/text/resources/cldr/FormatData_en done
Event: 1.774 Loading class sun/text/resources/cldr/FormatData_en_US
Event: 1.774 Loading class sun/text/resources/cldr/FormatData_en_US done

Classes unloaded (0 events):
No events

Classes redefined (0 events):
No events

Internal exceptions (20 events):
Event: 1.349 Thread 0x00000188af11acb0 Exception <a 'java/lang/NoSuchMethodError'{0x00000000a64d66a0}: 'java.lang.Object java.lang.invoke.DirectMethodHandle$Holder.newInvokeSpecial(java.lang.Object, java.lang.Object, java.lang.Object, java.lang.Object, java.lang.Object, java.lang.Object, int)'> (0x00000000a64d66a0) 
thrown [s\open\src\hotspot\share\interpreter\linkResolver.cpp, line 773]
Event: 1.349 Thread 0x00000188af11acb0 Exception <a 'java/lang/NoSuchMethodError'{0x00000000a64dac50}: 'java.lang.Object java.lang.invoke.DirectMethodHandle$Holder.invokeSpecial(java.lang.Object, java.lang.Object, java.lang.Object, java.lang.Object, java.lang.Object, java.lang.Object, java.lang.Object, int)'> (0x00000000a64dac50) 
thrown [s\open\src\hotspot\share\interpreter\linkResolver.cpp, line 773]
Event: 1.391 Thread 0x00000188af11acb0 Exception <a 'java/lang/NoSuchMethodError'{0x00000000a6210028}: 'void java.lang.invoke.DirectMethodHandle$Holder.invokeSpecial(java.lang.Object, java.lang.Object, java.lang.Object, java.lang.Object, java.lang.Object)'> (0x00000000a6210028) 
thrown [s\open\src\hotspot\share\interpreter\linkResolver.cpp, line 773]
Event: 1.401 Thread 0x00000188af11acb0 Exception <a 'java/lang/NoSuchMethodError'{0x00000000a6252bb0}: 'int java.lang.invoke.DirectMethodHandle$Holder.invokeVirtual(java.lang.Object, java.lang.Object)'> (0x00000000a6252bb0) 
thrown [s\open\src\hotspot\share\interpreter\linkResolver.cpp, line 773]
Event: 1.423 Thread 0x00000188af11acb0 Exception <a 'java/lang/NoSuchMethodError'{0x00000000a62e8b10}: 'java.lang.Object java.lang.invoke.DirectMethodHandle$Holder.invokeSpecial(java.lang.Object, java.lang.Object, java.lang.Object, int, java.lang.Object)'> (0x00000000a62e8b10) 
thrown [s\open\src\hotspot\share\interpreter\linkResolver.cpp, line 773]
Event: 1.423 Thread 0x00000188af11acb0 Exception <a 'java/lang/NoSuchMethodError'{0x00000000a62f0400}: 'java.lang.Object java.lang.invoke.DirectMethodHandle$Holder.newInvokeSpecial(java.lang.Object, java.lang.Object, java.lang.Object, int, java.lang.Object)'> (0x00000000a62f0400) 
thrown [s\open\src\hotspot\share\interpreter\linkResolver.cpp, line 773]
Event: 1.424 Thread 0x00000188af11acb0 Exception <a 'java/lang/NoSuchMethodError'{0x00000000a62f78b8}: 'java.lang.Object java.lang.invoke.Invokers$Holder.linkToTargetMethod(java.lang.Object, java.lang.Object, int, java.lang.Object, java.lang.Object)'> (0x00000000a62f78b8) 
thrown [s\open\src\hotspot\share\interpreter\linkResolver.cpp, line 773]
Event: 1.426 Thread 0x00000188af11acb0 Exception <a 'java/lang/NoSuchMethodError'{0x00000000a61052f8}: 'java.lang.Object java.lang.invoke.DirectMethodHandle$Holder.newInvokeSpecial(java.lang.Object, int, java.lang.Object)'> (0x00000000a61052f8) 
thrown [s\open\src\hotspot\share\interpreter\linkResolver.cpp, line 773]
Event: 1.427 Thread 0x00000188af11acb0 Exception <a 'java/lang/NoSuchMethodError'{0x00000000a6109a08}: 'int java.lang.invoke.DirectMethodHandle$Holder.invokeSpecialIFC(java.lang.Object, java.lang.Object, java.lang.Object, java.lang.Object)'> (0x00000000a6109a08) 
thrown [s\open\src\hotspot\share\interpreter\linkResolver.cpp, line 773]
Event: 1.459 Thread 0x00000188af11acb0 Exception <a 'java/lang/NoSuchMethodError'{0x00000000a61e2c78}: 'void java.lang.invoke.DirectMethodHandle$Holder.invokeInterface(java.lang.Object, java.lang.Object, java.lang.Object)'> (0x00000000a61e2c78) 
thrown [s\open\src\hotspot\share\interpreter\linkResolver.cpp, line 773]
Event: 1.485 Thread 0x00000188af11acb0 Exception <a 'java/lang/NoSuchMethodError'{0x00000000a60616f0}: 'java.lang.Object java.lang.invoke.DirectMethodHandle$Holder.invokeVirtual(java.lang.Object, java.lang.Object, java.lang.Object)'> (0x00000000a60616f0) 
thrown [s\open\src\hotspot\share\interpreter\linkResolver.cpp, line 773]
Event: 1.515 Thread 0x00000188af11acb0 Exception <a 'java/lang/NoSuchMethodError'{0x00000000a5f4e8c0}: 'void java.lang.invoke.DirectMethodHandle$Holder.invokeStatic(java.lang.Object, java.lang.Object, int)'> (0x00000000a5f4e8c0) 
thrown [s\open\src\hotspot\share\interpreter\linkResolver.cpp, line 773]
Event: 1.519 Thread 0x00000188af11acb0 Exception <a 'java/lang/NoSuchMethodError'{0x00000000a5f5dd70}: 'void java.lang.invoke.DirectMethodHandle$Holder.invokeStaticInit(java.lang.Object, java.lang.Object, java.lang.Object)'> (0x00000000a5f5dd70) 
thrown [s\open\src\hotspot\share\interpreter\linkResolver.cpp, line 773]
Event: 1.541 Thread 0x00000188af11acb0 Exception <a 'java/lang/NoSuchMethodError'{0x00000000a5ff7f00}: 'void java.lang.invoke.DirectMethodHandle$Holder.invokeVirtual(java.lang.Object, java.lang.Object, java.lang.Object, java.lang.Object)'> (0x00000000a5ff7f00) 
thrown [s\open\src\hotspot\share\interpreter\linkResolver.cpp, line 773]
Event: 1.625 Thread 0x00000188c1ea2040 Exception <a 'java/lang/NoClassDefFoundError'{0x00000000a5c78bb8}: jakarta/validation/Validation> (0x00000000a5c78bb8) 
thrown [s\open\src\hotspot\share\classfile\systemDictionary.cpp, line 301]
Event: 1.626 Thread 0x00000188af11acb0 Exception <a 'java/lang/NoSuchMethodError'{0x00000000a5c3d3a0}: 'java.lang.reflect.Field[] java.lang.Class.getDeclaredFields(java.lang.Class)'> (0x00000000a5c3d3a0) 
thrown [s\open\src\hotspot\share\interpreter\linkResolver.cpp, line 773]
Event: 1.627 Thread 0x00000188af11acb0 Exception <a 'java/lang/NoSuchMethodError'{0x00000000a5c41c20}: 'java.lang.Object java.lang.invoke.DirectMethodHandle$Holder.invokeStatic(java.lang.Object, java.lang.Object, int)'> (0x00000000a5c41c20) 
thrown [s\open\src\hotspot\share\interpreter\linkResolver.cpp, line 773]
Event: 1.628 Thread 0x00000188af11acb0 Exception <a 'java/lang/NoSuchMethodError'{0x00000000a5c4caf0}: 'void java.lang.invoke.DelegatingMethodHandle$Holder.delegate(java.lang.Object, java.lang.Object, int, java.lang.Object)'> (0x00000000a5c4caf0) 
thrown [s\open\src\hotspot\share\interpreter\linkResolver.cpp, line 773]
Event: 1.640 Thread 0x00000188af11acb0 Exception <a 'java/lang/IncompatibleClassChangeError'{0x00000000a5ba0de0}: Found class java.lang.Object, but interface was expected> (0x00000000a5ba0de0) 
thrown [s\open\src\hotspot\share\interpreter\linkResolver.cpp, line 840]
Event: 1.742 Thread 0x00000188af11acb0 Exception <a 'java/lang/NoSuchMethodError'{0x00000000a4f54048}: 'java.lang.Object java.lang.invoke.DirectMethodHandle$Holder.invokeStatic(java.lang.Object, int, java.lang.Object)'> (0x00000000a4f54048) 
thrown [s\open\src\hotspot\share\interpreter\linkResolver.cpp, line 773]

ZGC Phase Switch (0 events):
No events

VM Operations (20 events):
Event: 0.815 Executing VM operation: HandshakeAllThreads (Deoptimize)
Event: 0.815 Executing VM operation: HandshakeAllThreads (Deoptimize) done
Event: 0.869 Executing VM operation: HandshakeAllThreads (Deoptimize)
Event: 0.869 Executing VM operation: HandshakeAllThreads (Deoptimize) done
Event: 0.875 Executing VM operation: HandshakeAllThreads (Deoptimize)
Event: 0.875 Executing VM operation: HandshakeAllThreads (Deoptimize) done
Event: 1.060 Executing VM operation: ICBufferFull
Event: 1.060 Executing VM operation: ICBufferFull done
Event: 1.111 Executing VM operation: G1CollectForAllocation (G1 Evacuation Pause)
Event: 1.121 Executing VM operation: G1CollectForAllocation (G1 Evacuation Pause) done
Event: 1.167 Executing VM operation: HandshakeAllThreads (Deoptimize)
Event: 1.167 Executing VM operation: HandshakeAllThreads (Deoptimize) done
Event: 1.571 Executing VM operation: ICBufferFull
Event: 1.571 Executing VM operation: ICBufferFull done
Event: 1.612 Executing VM operation: HandshakeAllThreads (Deoptimize)
Event: 1.612 Executing VM operation: HandshakeAllThreads (Deoptimize) done
Event: 1.616 Executing VM operation: HandshakeAllThreads (Deoptimize)
Event: 1.616 Executing VM operation: HandshakeAllThreads (Deoptimize) done
Event: 1.764 Executing VM operation: G1CollectForAllocation (G1 Evacuation Pause)
Event: 1.771 Executing VM operation: G1CollectForAllocation (G1 Evacuation Pause) done

Events (17 events):
Event: 0.032 Thread 0x00000188af11acb0 Thread added: 0x00000188af11acb0
Event: 0.059 Thread 0x00000188c1105bf0 Thread added: 0x00000188c1105bf0
Event: 0.059 Thread 0x00000188c1106a10 Thread added: 0x00000188c1106a10
Event: 0.059 Thread 0x00000188c1107fc0 Thread added: 0x00000188c1107fc0
Event: 0.059 Thread 0x00000188c110bba0 Thread added: 0x00000188c110bba0
Event: 0.060 Thread 0x00000188c110c600 Thread added: 0x00000188c110c600
Event: 0.060 Thread 0x00000188c110d870 Thread added: 0x00000188c110d870
Event: 0.060 Thread 0x00000188c1113830 Thread added: 0x00000188c1113830
Event: 0.152 Thread 0x00000188c12f3300 Thread added: 0x00000188c12f3300
Event: 0.162 Thread 0x00000188c13520d0 Thread added: 0x00000188c13520d0
Event: 0.397 Thread 0x00000188c170ddd0 Thread added: 0x00000188c170ddd0
Event: 0.398 Thread 0x00000188c170e440 Thread added: 0x00000188c170e440
Event: 0.617 Thread 0x00000188c180ec10 Thread added: 0x00000188c180ec10
Event: 0.795 Thread 0x00000188c18dde60 Thread added: 0x00000188c18dde60
Event: 1.622 Thread 0x00000188c1ea2040 Thread added: 0x00000188c1ea2040
Event: 1.755 Thread 0x0000018907546800 Thread added: 0x0000018907546800
Event: 1.756 Thread 0x0000018907546800 Thread exited: 0x0000018907546800


Dynamic libraries:
0x00007ff7212f0000 - 0x00007ff721300000 	C:\Program Files\Java\jdk-21\bin\java.exe
0x00007ffadd8f0000 - 0x00007ffaddae8000 	C:\Windows\SYSTEM32\ntdll.dll
0x00007ffadd760000 - 0x00007ffadd81d000 	C:\Windows\System32\KERNEL32.DLL
0x00007ffadb500000 - 0x00007ffadb7f6000 	C:\Windows\System32\KERNELBASE.dll
0x00007ffadb130000 - 0x00007ffadb230000 	C:\Windows\System32\ucrtbase.dll
0x00007ffaca910000 - 0x00007ffaca929000 	C:\Program Files\Java\jdk-21\bin\jli.dll
0x00007ffaccb40000 - 0x00007ffaccb5b000 	C:\Program Files\Java\jdk-21\bin\VCRUNTIME140.dll
0x00007ffadc730000 - 0x00007ffadc7e0000 	C:\Windows\System32\ADVAPI32.dll
0x00007ffadcfa0000 - 0x00007ffadd03e000 	C:\Windows\System32\msvcrt.dll
0x00007ffadd5b0000 - 0x00007ffadd650000 	C:\Windows\System32\sechost.dll
0x00007ffadba40000 - 0x00007ffadbb63000 	C:\Windows\System32\RPCRT4.dll
0x00007ffadafa0000 - 0x00007ffadafc7000 	C:\Windows\System32\bcrypt.dll
0x00007ffadbd20000 - 0x00007ffadbebf000 	C:\Windows\System32\USER32.dll
0x00007ffadb3f0000 - 0x00007ffadb412000 	C:\Windows\System32\win32u.dll
0x00007ffac68c0000 - 0x00007ffac6b5a000 	C:\Windows\WinSxS\amd64_microsoft.windows.common-controls_6595b64144ccf1df_6.0.19041.4355_none_60b8b9eb71f62e16\COMCTL32.dll
0x00007ffadd040000 - 0x00007ffadd06b000 	C:\Windows\System32\GDI32.dll
0x00007ffadb800000 - 0x00007ffadb917000 	C:\Windows\System32\gdi32full.dll
0x00007ffadb2e0000 - 0x00007ffadb37d000 	C:\Windows\System32\msvcp_win.dll
0x00007ffad1570000 - 0x00007ffad157a000 	C:\Windows\SYSTEM32\VERSION.dll
0x00007ffadce30000 - 0x00007ffadce62000 	C:\Windows\System32\IMM32.DLL
0x00007ffad23d0000 - 0x00007ffad23dc000 	C:\Program Files\Java\jdk-21\bin\vcruntime140_1.dll
0x00007ffab4ad0000 - 0x00007ffab4b5e000 	C:\Program Files\Java\jdk-21\bin\msvcp140.dll
0x00007ffa6faf0000 - 0x00007ffa70807000 	C:\Program Files\Java\jdk-21\bin\server\jvm.dll
0x00007ffadd3d0000 - 0x00007ffadd43b000 	C:\Windows\System32\WS2_32.dll
0x00007ffadadf0000 - 0x00007ffadae3b000 	C:\Windows\SYSTEM32\POWRPROF.dll
0x00007ffad1580000 - 0x00007ffad15a7000 	C:\Windows\SYSTEM32\WINMM.dll
0x00007ffadadd0000 - 0x00007ffadade2000 	C:\Windows\SYSTEM32\UMPDC.dll
0x00007ffad8de0000 - 0x00007ffad8df2000 	C:\Windows\SYSTEM32\kernel.appcore.dll
0x00007ffad2300000 - 0x00007ffad230a000 	C:\Program Files\Java\jdk-21\bin\jimage.dll
0x00007fface830000 - 0x00007ffacea14000 	C:\Windows\SYSTEM32\DBGHELP.DLL
0x00007ffacbf80000 - 0x00007ffacbfb4000 	C:\Windows\SYSTEM32\dbgcore.DLL
0x00007ffadb470000 - 0x00007ffadb4f2000 	C:\Windows\System32\bcryptPrimitives.dll
0x00007ffad2840000 - 0x00007ffad284f000 	C:\Program Files\Java\jdk-21\bin\instrument.dll
0x00007ffac81f0000 - 0x00007ffac820f000 	C:\Program Files\Java\jdk-21\bin\java.dll
0x00007ffadbed0000 - 0x00007ffadc63b000 	C:\Windows\System32\SHELL32.dll
0x00007ffad8fe0000 - 0x00007ffad977d000 	C:\Windows\SYSTEM32\windows.storage.dll
0x00007ffadd070000 - 0x00007ffadd3c3000 	C:\Windows\System32\combase.dll
0x00007ffada8f0000 - 0x00007ffada91e000 	C:\Windows\SYSTEM32\Wldp.dll
0x00007ffadced0000 - 0x00007ffadcf9d000 	C:\Windows\System32\OLEAUT32.dll
0x00007ffadd6b0000 - 0x00007ffadd75d000 	C:\Windows\System32\SHCORE.dll
0x00007ffadd4b0000 - 0x00007ffadd505000 	C:\Windows\System32\shlwapi.dll
0x00007ffadaed0000 - 0x00007ffadaef4000 	C:\Windows\SYSTEM32\profapi.dll
0x00007ffac7cb0000 - 0x00007ffac7cc8000 	C:\Program Files\Java\jdk-21\bin\zip.dll
0x00007ffad21e0000 - 0x00007ffad21f0000 	C:\Program Files\Java\jdk-21\bin\net.dll
0x00007ffad3ab0000 - 0x00007ffad3bba000 	C:\Windows\SYSTEM32\WINHTTP.dll
0x00007ffada610000 - 0x00007ffada67a000 	C:\Windows\system32\mswsock.dll
0x00007ffac7d40000 - 0x00007ffac7d56000 	C:\Program Files\Java\jdk-21\bin\nio.dll
0x00007ffad2820000 - 0x00007ffad283a000 	C:\Program Files\JetBrains\IntelliJ IDEA 2023.3.2\bin\breakgen64.dll
0x00007ffacf600000 - 0x00007ffacf609000 	C:\Program Files\Java\jdk-21\bin\extnet.dll
0x00007ffada340000 - 0x00007ffada40b000 	C:\Windows\SYSTEM32\DNSAPI.dll
0x00007ffada300000 - 0x00007ffada33b000 	C:\Windows\SYSTEM32\IPHLPAPI.DLL
0x00007ffadd440000 - 0x00007ffadd448000 	C:\Windows\System32\NSI.dll
0x00007ffad34e0000 - 0x00007ffad34ea000 	C:\Windows\System32\rasadhlp.dll
0x00007fface310000 - 0x00007fface390000 	C:\Windows\System32\fwpuclnt.dll
0x00007ffad2810000 - 0x00007ffad281a000 	C:\Program Files\Java\jdk-21\bin\management.dll
0x00007ffad2800000 - 0x00007ffad280b000 	C:\Program Files\Java\jdk-21\bin\management_ext.dll
0x00007ffadbec0000 - 0x00007ffadbec8000 	C:\Windows\System32\PSAPI.DLL
0x00007ffada820000 - 0x00007ffada838000 	C:\Windows\SYSTEM32\CRYPTSP.dll
0x00007ffad9f30000 - 0x00007ffad9f64000 	C:\Windows\system32\rsaenh.dll
0x00007ffadae80000 - 0x00007ffadaeae000 	C:\Windows\SYSTEM32\USERENV.dll
0x00007ffada840000 - 0x00007ffada84c000 	C:\Windows\SYSTEM32\CRYPTBASE.dll
0x00007ffad5730000 - 0x00007ffad5747000 	C:\Windows\system32\napinsp.dll
0x00007ffad51b0000 - 0x00007ffad51cb000 	C:\Windows\system32\pnrpnsp.dll
0x00007ffad5d70000 - 0x00007ffad5d85000 	C:\Windows\system32\wshbth.dll
0x00007ffad68d0000 - 0x00007ffad68ed000 	C:\Windows\system32\NLAapi.dll
0x00007ffad5190000 - 0x00007ffad51a2000 	C:\Windows\System32\winrnr.dll

dbghelp: loaded successfully - version: 4.0.5 - missing functions: none
symbol engine: initialized successfully - sym options: 0x614 - pdb path: .;C:\Program Files\Java\jdk-21\bin;C:\Windows\SYSTEM32;C:\Windows\WinSxS\amd64_microsoft.windows.common-controls_6595b64144ccf1df_6.0.19041.4355_none_60b8b9eb71f62e16;C:\Program Files\Java\jdk-21\bin\server;C:\Program Files\JetBrains\IntelliJ IDEA 2023.3.2\bin

VM Arguments:
jvm_args: -XX:TieredStopAtLevel=1 -Dspring.output.ansi.enabled=always -Dcom.sun.management.jmxremote -Dspring.jmx.enabled=true -Dspring.liveBeansView.mbeanDomain -Dspring.application.admin.enabled=true -Dmanagement.endpoints.jmx.exposure.include=* -javaagent:C:\Program Files\JetBrains\IntelliJ IDEA 2023.3.2\lib\idea_rt.jar=61207:C:\Program Files\JetBrains\IntelliJ IDEA 2023.3.2\bin -Dfile.encoding=UTF-8 -Dsun.stdout.encoding=UTF-8 -Dsun.stderr.encoding=UTF-8 
java_command: com.inn.cafe.Application
java_class_path (initial): D:\Kurs Program\Kurs JAVA\com.inn.cafe\target\classes;C:\Users\epifa\.m2\repository\org\springframework\boot\spring-boot-starter-data-jpa\3.4.4\spring-boot-starter-data-jpa-3.4.4.jar;C:\Users\epifa\.m2\repository\org\springframework\boot\spring-boot-starter\3.4.4\spring-boot-starter-3.4.4.jar;C:\Users\epifa\.m2\repository\org\springframework\boot\spring-boot\3.4.4\spring-boot-3.4.4.jar;C:\Users\epifa\.m2\repository\org\springframework\boot\spring-boot-autoconfigure\3.4.4\spring-boot-autoconfigure-3.4.4.jar;C:\Users\epifa\.m2\repository\org\springframework\boot\spring-boot-starter-logging\3.4.4\spring-boot-starter-logging-3.4.4.jar;C:\Users\epifa\.m2\repository\ch\qos\logback\logback-classic\1.5.18\logback-classic-1.5.18.jar;C:\Users\epifa\.m2\repository\ch\qos\logback\logback-core\1.5.18\logback-core-1.5.18.jar;C:\Users\epifa\.m2\repository\org\apache\logging\log4j\log4j-to-slf4j\2.24.3\log4j-to-slf4j-2.24.3.jar;C:\Users\epifa\.m2\repository\org\apache\logging\log4j\log4j-api\2.24.3\log4j-api-2.24.3.jar;C:\Users\epifa\.m2\repository\org\slf4j\jul-to-slf4j\2.0.17\jul-to-slf4j-2.0.17.jar;C:\Users\epifa\.m2\repository\jakarta\annotation\jakarta.annotation-api\2.1.1\jakarta.annotation-api-2.1.1.jar;C:\Users\epifa\.m2\repository\org\yaml\snakeyaml\2.3\snakeyaml-2.3.jar;C:\Users\epifa\.m2\repository\org\hibernate\orm\hibernate-core\6.6.11.Final\hibernate-core-6.6.11.Final.jar;C:\Users\epifa\.m2\repository\jakarta\persistence\jakarta.persistence-api\3.1.0\jakarta.persistence-api-3.1.0.jar;C:\Users\epifa\.m2\repository\jakarta\transaction\jakarta.transaction-api\2.0.1\jakarta.transaction-api-2.0.1.jar;C:\Users\epifa\.m2\repository\org\jboss\logging\jboss-logging\3.6.1.Final\jboss-logging-3.6.1.Final.jar;C:\Users\epifa\.m2\repository\org\hibernate\common\hibernate-commons-annotations\7.0.3.Final\hibernate-commons-annotations-7.0.3.Final.jar;C:\Users\epifa\.m2\repository\io\smallrye\jandex\3.2.0\jandex-3.2.0.jar;C:\Users\epifa\.m2\repository\com\fasterxml\classmate\1.7.0\classmate-1.7.0.jar;C:\Users\epifa\.m2\repository\net\bytebuddy\byte-buddy\1.15.11\byte-buddy-1.15.11.jar;C:\Users\epifa\.m2\repository\org\glassfish\jaxb\jaxb-runtime\4.0.5\jaxb-runtime-4.0.5.jar;C:\Users\epifa\.m2\repository\org\glassfish\jaxb\jaxb-core\4.0.5\jaxb-core-4.0.5.jar;C:\Users\epifa\.m2\repository\org\eclipse\angus\angus-activation\2.0.2\angus-activation-2.0.2.jar;C:\Users\epifa\.m2\repository\org\glassfish\jaxb\txw2\4.0.5\txw2-4.0.5.jar;C:\Users\epifa\.m2\repository\com\sun\istack\istack-commons-runtime\4.1.2\istack-commons-runtime-4.1.2.jar;C:\Users\epifa\.m2\repository\jakarta\inject\jakarta.inject-api\2.0.1\jakarta.inject-api-2.0.1.jar;C:\Users\epifa\.m2\repository\org\antlr\antlr4-runtime\4.13.0\antlr4-runtime-4.13.0.jar;C:\Users\epifa\.m2\repository\org\springframework\data\spring-data-jpa\3.4.4\spring-data-jpa-3.4.4.jar;C:\Users\epifa\.m2\repository\org\springframework\data\spring-data-commons\3.4.4\spring-data-commons-3.4.4.jar;C:\Users\epifa\.m2\repository\org\springframework\spring-orm\6.2.5\spring-orm-6.2.5.jar;C:\Users\epifa\.m2\repository\org\springframework\spring-context\6.2.5\spring-context-6.2.5.jar;C:\Users\epifa\.m2\repository\org\springframework\spring-aop\6.2.5\spring-aop-6.2.5.jar;C:\Users\epifa\.m2\repository\org\springframework\spring-tx\6.2.5\spring-tx-6.2.5.jar;C:\Users\epifa\.m2\repository\org\springframework\spring-beans\6.2.5\spring-beans-6.2.5.jar;C:\Users\epifa\.m2\repository\org\slf4j\slf4j-api\2.0.17\slf4j-api-2.0.17.jar;C:\Users\epifa\.m2\repository\org\springframework\spring-aspects\6.2.5\spring-aspects-6.2.5.jar;C:\Users\epifa\.m2\repository\org\aspectj\aspectjweaver\1.9.23\aspectjweaver-1.9.23.jar;C:\Users\epifa\.m2\repository\org\springframework\boot\spring-boot-starter-jdbc\3.4.4\spring-boot-starter-jdbc-3.4.4.jar;C:\Users\epifa\.m2\repository\com\zaxxer\HikariCP\5.1.0\HikariCP-5.1.0.jar;C:\Users\epifa\.m2\repository\org\springframework\spring-jdbc\6.2.5\spring-jdbc-6.2.5.jar;C:\Users\epifa\.m2\repository\org\springframework\boot\spring-boot-starter-web\3.4.4\spring-boot-starter-web-3.4.4.jar;C:\Users\epifa\.m2\repository\org\springframework\boot\spring-boot-starter-json\3.4.4\spring-boot-starter-json-3.4.4.jar;C:\Users\epifa\.m2\repository\com\fasterxml\jackson\core\jackson-databind\2.18.3\jackson-databind-2.18.3.jar;C:\Users\epifa\.m2\repository\com\fasterxml\jackson\core\jackson-annotations\2.18.3\jackson-annotations-2.18.3.jar;C:\Users\epifa\.m2\repository\com\fasterxml\jackson\core\jackson-core\2.18.3\jackson-core-2.18.3.jar;C:\Users\epifa\.m2\repository\com\fasterxml\jackson\datatype\jackson-datatype-jdk8\2.18.3\jackson-datatype-jdk8-2.18.3.jar;C:\Users\epifa\.m2\repository\com\fasterxml\jackson\datatype\jackson-datatype-jsr310\2.18.3\jackson-datatype-jsr310-2.18.3.jar;C:\Users\epifa\.m2\repository\com\fasterxml\jackson\module\jackson-module-parameter-names\2.18.3\jackson-module-parameter-names-2.18.3.jar;C:\Users\epifa\.m2\repository\org\springframework\boot\spring-boot-starter-tomcat\3.4.4\spring-boot-starter-tomcat-3.4.4.jar;C:\Users\epifa\.m2\repository\org\apache\tomcat\embed\tomcat-embed-core\10.1.39\tomcat-embed-core-10.1.39.jar;C:\Users\epifa\.m2\repository\org\apache\tomcat\embed\tomcat-embed-el\10.1.39\tomcat-embed-el-10.1.39.jar;C:\Users\epifa\.m2\repository\org\apache\tomcat\embed\tomcat-embed-websocket\10.1.39\tomcat-embed-websocket-10.1.39.jar;C:\Users\epifa\.m2\repository\org\springframework\spring-web\6.2.5\spring-web-6.2.5.jar;C:\Users\epifa\.m2\repository\io\micrometer\micrometer-observation\1.14.5\micrometer-observation-1.14.5.jar;C:\Users\epifa\.m2\repository\io\micrometer\micrometer-commons\1.14.5\micrometer-commons-1.14.5.jar;C:\Users\epifa\.m2\repository\org\springframework\spring-webmvc\6.2.5\spring-webmvc-6.2.5.jar;C:\Users\epifa\.m2\repository\org\springframework\spring-expression\6.2.5\spring-expression-6.2.5.jar;C:\Users\epifa\.m2\repository\com\mysql\mysql-connector-j\9.1.0\mysql-connector-j-9.1.0.jar;C:\Users\epifa\.m2\repository\org\projectlombok\lombok\1.18.30\lombok-1.18.30.jar;C:\Users\epifa\.m2\repository\jakarta\xml\bind\jakarta.xml.bind-api\4.0.2\jakarta.xml.bind-api-4.0.2.jar;C:\Users\epifa\.m2\repository\jakarta\activation\jakarta.activation-api\2.1.3\jakarta.activation-api-2.1.3.jar;C:\Users\epifa\.m2\repository\org\springframework\spring-core\6.2.5\spring-core-6.2.5.jar;C:\Users\epifa\.m2\repository\org\springframework\spring-jcl\6.2.5\spring-jcl-6.2.5.jar
Launcher Type: SUN_STANDARD

[Global flags]
     intx CICompilerCount                          = 4                                         {product} {ergonomic}
     uint ConcGCThreads                            = 2                                         {product} {ergonomic}
     uint G1ConcRefinementThreads                  = 8                                         {product} {ergonomic}
   size_t G1HeapRegionSize                         = 1048576                                   {product} {ergonomic}
    uintx GCDrainStackTargetSize                   = 64                                        {product} {ergonomic}
   size_t InitialHeapSize                          = 100663296                                 {product} {ergonomic}
     bool ManagementServer                         = true                                      {product} {command line}
   size_t MarkStackSize                            = 4194304                                   {product} {ergonomic}
   size_t MaxHeapSize                              = 1598029824                                {product} {ergonomic}
   size_t MaxNewSize                               = 958398464                                 {product} {ergonomic}
   size_t MinHeapDeltaBytes                        = 1048576                                   {product} {ergonomic}
   size_t MinHeapSize                              = 8388608                                   {product} {ergonomic}
    uintx NonNMethodCodeHeapSize                   = 4096                                   {pd product} {ergonomic}
    uintx NonProfiledCodeHeapSize                  = 0                                      {pd product} {ergonomic}
     bool ProfileInterpreter                       = false                                  {pd product} {command line}
    uintx ProfiledCodeHeapSize                     = 0                                      {pd product} {ergonomic}
   size_t SoftMaxHeapSize                          = 1598029824                             {manageable} {ergonomic}
     intx TieredStopAtLevel                        = 1                                         {product} {command line}
     bool UseCompressedOops                        = true                           {product lp64_product} {ergonomic}
     bool UseG1GC                                  = true                                      {product} {ergonomic}
     bool UseLargePagesIndividualAllocation        = false                                  {pd product} {ergonomic}

Logging:
Log output configuration:
 #0: stdout all=warning uptime,level,tags foldmultilines=false
 #1: stderr all=off uptime,level,tags foldmultilines=false

Environment Variables:
JAVA_HOME=C:\Program Files\Java\jdk-21
PATH=C:\Program Files\Common Files\Oracle\Java\javapath;C:\Program Files (x86)\Common Files\Oracle\Java\javapath;C:\Windows\system32;C:\Windows;C:\Windows\System32\Wbem;C:\Windows\System32\WindowsPowerShell\v1.0\;C:\Windows\System32\OpenSSH\;C:\Program Files\Java\jdk-21\bin;C:\Program Files\dotnet\;C:\Program Files\Python\Python-3.10.14\;C:\Program Files\Git\cmd;C:\Program Files\Java\apache-maven-3.8.8-bin\apache-maven-3.8.8\bin;;C:\Program Files\Docker\Docker\resources\bin;C:\Program Files\MySQL\MySQL Shell 8.0\bin\;C:\Users\epifa\AppData\Local\Programs\Python\Python38\Scripts\;C:\Users\epifa\AppData\Local\Programs\Python\Python38\;C:\Users\epifa\AppData\Local\Microsoft\WindowsApps;C:\Users\epifa\AppData\Local\Programs\Microsoft VS Code\bin;C:\Program Files\JetBrains\IntelliJ IDEA 2023.3.2\bin;C:\Program Files\Azure Data Studio\bin;C:\Users\epifa\AppData\Roaming\Programs\Zero Install;C:\Users\epifa\AppData\Roaming\npm;
USERNAME=epifa
OS=Windows_NT
PROCESSOR_IDENTIFIER=AMD64 Family 23 Model 24 Stepping 1, AuthenticAMD
TMP=C:\Users\epifa\AppData\Local\Temp
TEMP=C:\Users\epifa\AppData\Local\Temp




Periodic native trim disabled

---------------  S Y S T E M  ---------------

OS:
 Windows 10 , 64 bit Build 19041 (10.0.19041.3636)
OS uptime: 3 days 1:14 hours
Hyper-V role detected

CPU: total 8 (initial active 8) (8 cores per cpu, 2 threads per core) family 23 model 24 stepping 1 microcode 0x0, cx8, cmov, fxsr, ht, mmx, 3dnowpref, sse, sse2, sse3, ssse3, sse4a, sse4.1, sse4.2, popcnt, lzcnt, tsc, tscinvbit, avx, avx2, aes, clmul, bmi1, bmi2, adx, sha, fma, vzeroupper, clflush, clflushopt, hv, rdtscp, f16c
Processor Information for all 8 processors :
  Max Mhz: 2100, Current Mhz: 2100, Mhz Limit: 2100

Memory: 4k page, system-wide physical 6091M (506M free)
TotalPageFile size 11258M (AvailPageFile size 3M)
current process WorkingSet (physical memory assigned to process): 104M, peak: 104M
current process commit charge ("private bytes"): 202M, peak: 202M

vm_info: Java HotSpot(TM) 64-Bit Server VM (21.0.2+13-LTS-58) for windows-amd64 JRE (21.0.2+13-LTS-58), built on 2024-01-05T18:32:24Z by "mach5one" with MS VC++ 17.1 (VS2022)

END.
